11:41:40.958 [main                     ] DEBUG Logger               - Configured Logger
11:41:40.991 [main                     ] DEBUG GameApplication      - Logging settings
Title: Simulador de Restaurante
Version: 1.0
Width: 500
Height: 600
Fullscreen: false
Intro: false
Profiling: false
Single step:false
App Mode: DEVELOPER
Menu Key: ESCAPE
Stage Style: DECORATED
Scene Factory: class com.almasb.fxgl.app.scene.SceneFactory

11:41:41.572 [JavaFX Application Thread] DEBUG FXGLApplication      - Initializing FXGL
11:41:41.579 [JavaFX Application Thread] INFO  Engine               - FXGL-17.3 (30.03.2023 11.49) on WINDOWS (J:19.0.1 FX:17.0.6)
11:41:41.580 [JavaFX Application Thread] DEBUG Engine               - JRE Vendor Name: Oracle Corporation
11:41:41.580 [JavaFX Application Thread] DEBUG Engine               - Running on OS: Windows 11 version 10.0
11:41:41.580 [JavaFX Application Thread] DEBUG Engine               - Architecture: amd64
11:41:41.580 [JavaFX Application Thread] INFO  Engine               - Source code and latest versions at: https://github.com/AlmasB/FXGL
11:41:41.581 [JavaFX Application Thread] INFO  Engine               -       Ask questions and discuss at: https://github.com/AlmasB/FXGL/discussions
11:41:41.581 [JavaFX Application Thread] INFO  Engine               -              Join the FXGL chat at: https://gitter.im/AlmasB/FXGL
11:41:41.725 [JavaFX Application Thread] DEBUG PrimaryStageWindow   - Creating a JavaFX scene
11:41:41.773 [JavaFX Application Thread] DEBUG PrimaryStageWindow   - Target settings size: 500.0 x 600.0
11:41:41.774 [JavaFX Application Thread] DEBUG PrimaryStageWindow   - Scaled scene size:    500.0 x 600.0
11:41:41.774 [JavaFX Application Thread] DEBUG PrimaryStageWindow   - Scaled ratio: (1.0, 1.0)
11:41:41.775 [JavaFX Application Thread] DEBUG PrimaryStageWindow   - Set initial scene to FXGLStartupScene
11:41:41.786 [JavaFX Application Thread] DEBUG PrimaryStageWindow   - Opening main window
11:41:41.894 [JavaFX Application Thread] DEBUG PrimaryStageWindow   - Window border size: (14.4000244140625, 37.5999755859375)
11:41:41.894 [JavaFX Application Thread] DEBUG PrimaryStageWindow   - Scaled size: 500.0 x 600.0
11:41:41.895 [JavaFX Application Thread] DEBUG PrimaryStageWindow   - Scaled ratio: (1.0, 1.0)
11:41:41.895 [JavaFX Application Thread] DEBUG PrimaryStageWindow   - Scene size: 500.0 x 600.0
11:41:41.895 [JavaFX Application Thread] DEBUG PrimaryStageWindow   - Stage size: 514.4000244140625 x 637.5999755859375
11:41:41.905 [FXGL Background Thread 1 ] DEBUG Engine               - Initializing environment variables
11:41:41.986 [FXGL Background Thread 1 ] DEBUG FXGLAssetLoaderServi - User app class for loading assets: class simuladorrestaurant.ui.RestaurantUI
11:41:41.986 [FXGL Background Thread 1 ] DEBUG GameApplicationServi - Applying CSS: fxgl_dark.css
11:41:41.988 [FXGL Background Thread 1 ] DEBUG FXGLAssetLoaderServi - Loading from file system: jar:file:///C:/Users/PizzaNewt/.m2/repository/com/github/almasb/fxgl/17.3/fxgl-17.3.jar!/fxglassets/ui/css/fxgl_dark.css
11:41:42.049 [FXGL Background Thread 1 ] DEBUG GameApplicationServi - Initializing application scenes
11:41:42.099 [FXGL Background Thread 1 ] DEBUG GameWorld            - Game world initialized
11:41:42.199 [FXGL Background Thread 1 ] DEBUG PhysicsWorld         - Physics world initialized: appHeight=600, physics.ppm=50.0
11:41:42.200 [FXGL Background Thread 1 ] DEBUG PhysicsWorld         - Using strategy: BRUTE_FORCE
11:41:42.206 [FXGL Background Thread 1 ] DEBUG GameScene            - Game scene initialized: 500x600
11:41:42.224 [FXGL Background Thread 1 ] WARN  FXGL.DefaultMenu     - FXGLDefaultMenu is not designed for resolutions < 800x600
11:41:42.224 [FXGL Background Thread 1 ] DEBUG FXGL.DefaultMenu     - createMenuBodyGameMenu()
11:41:42.249 [FXGL Background Thread 1 ] DEBUG FXGL.DefaultMenu     - createOptionsMenu()
11:41:42.266 [FXGL Background Thread 1 ] DEBUG FXGLAssetLoaderServi - Loading from file system: jar:file:///C:/Users/PizzaNewt/.m2/repository/com/github/almasb/fxgl/17.3/fxgl-17.3.jar!/fxglassets/textures/particles/smoke.png
11:41:42.396 [FXGL Background Thread 1 ] DEBUG FXGLAssetLoaderServi - Loading from file system: jar:file:///C:/Users/PizzaNewt/.m2/repository/com/github/almasb/fxgl/17.3/fxgl-17.3.jar!/fxglassets/textures/particles/trace_horizontal.png
11:41:42.442 [FXGL Background Thread 1 ] DEBUG GameApplicationServi - Application scenes initialized
11:41:42.458 [FXGL Background Thread 1 ] DEBUG SystemBundleService  - Loading FXGL system data
11:41:42.461 [FXGL Background Thread 1 ] DEBUG FileSystemAccess     - Reading from: C:\Users\PizzaNewt\IdeaProjects\juego\system\fxgl.bundle
11:41:42.465 [FXGL Background Thread 1 ] DEBUG SystemBundleService  - Bundle FXGL: {}
11:41:42.465 [FXGL Background Thread 1 ] DEBUG UpdaterService       - Checking for updates
11:41:42.472 [FXGL Background Thread 4 ] DEBUG FXGLApplication      - Loading fonts
11:41:42.472 [FXGL Background Thread 4 ] DEBUG FXGLAssetLoaderServi - Loading from file system: jar:file:///C:/Users/PizzaNewt/.m2/repository/com/github/almasb/fxgl/17.3/fxgl-17.3.jar!/fxglassets/ui/fonts/VarelaRound-Regular.ttf
11:41:42.473 [FXGL Background Thread 1 ] DEBUG FXGLApplication      - Loading default localization
11:41:42.474 [FXGL Background Thread 1 ] DEBUG FXGLAssetLoaderServi - Loading from file system: jar:file:///C:/Users/PizzaNewt/.m2/repository/com/github/almasb/fxgl/17.3/fxgl-17.3.jar!/fxglassets/languages/english.lang
11:41:42.500 [FXGL Background Thread 4 ] DEBUG FXGLAssetLoaderServi - Loading from file system: jar:file:///C:/Users/PizzaNewt/.m2/repository/com/github/almasb/fxgl/17.3/fxgl-17.3.jar!/fxglassets/ui/fonts/Abel-Regular.ttf
11:41:42.503 [FXGL Background Thread 1 ] INFO  FXGLApplication      - FXGL initialization took: 0.598 sec
11:41:42.505 [JavaFX Application Thread] DEBUG FXGLAssetLoaderServi - Loading from file system: jar:file:///C:/Users/PizzaNewt/.m2/repository/com/github/almasb/fxgl/17.3/fxgl-17.3.jar!/fxglassets/textures/fxgl_icon.png
11:41:42.525 [FXGL Background Thread 4 ] DEBUG FXGLAssetLoaderServi - Loading from file system: jar:file:///C:/Users/PizzaNewt/.m2/repository/com/github/almasb/fxgl/17.3/fxgl-17.3.jar!/fxglassets/ui/fonts/TerminalLandMono-Regular.otf
11:41:42.543 [FXGL Background Thread 4 ] DEBUG FXGLAssetLoaderServi - Loading from file system: jar:file:///C:/Users/PizzaNewt/.m2/repository/com/github/almasb/fxgl/17.3/fxgl-17.3.jar!/fxglassets/ui/fonts/Courier-Prime.ttf
11:41:42.546 [JavaFX Application Thread] DEBUG FXGLAssetLoaderServi - Loading from file system: jar:file:///C:/Users/PizzaNewt/.m2/repository/com/github/almasb/fxgl/17.3/fxgl-17.3.jar!/fxglassets/textures/fxgl_default_cursor.png
11:41:42.564 [JavaFX Application Thread] DEBUG Input                - Registered new binding: Screenshot - CTRL+8
11:41:42.565 [JavaFX Application Thread] DEBUG Input                - Registered new binding: System info dump - CTRL+9
11:41:42.565 [JavaFX Application Thread] DEBUG Input                - Registered new binding: Restart - CTRL+R
11:41:42.567 [JavaFX Application Thread] DEBUG Input                - Registered new binding: Toggle Debug Camera - CTRL+7
11:41:42.572 [JavaFX Application Thread] DEBUG LoopRunner           - Starting loop
11:41:42.572 [JavaFX Application Thread] DEBUG LoopRunner           - Initializing JavaFX AnimationTimerLoop
11:41:42.575 [JavaFX Application Thread] DEBUG GameApplicationServi - Starting new game
11:41:42.575 [JavaFX Application Thread] DEBUG Input                - Clearing active input actions
11:41:42.589 [JavaFX Application Thread] DEBUG GameApplicationServi - Removing overlay from FXGLStartupScene and adding to FXGLLoadingScene
11:41:42.589 [JavaFX Application Thread] DEBUG PrimaryStageWindow   - FXGLStartupScene -> FXGLLoadingScene
11:41:42.589 [JavaFX Application Thread] DEBUG GameApplicationServi - Clearing previous game
11:41:42.590 [JavaFX Application Thread] DEBUG GameScene            - Clearing game scene
11:41:42.590 [JavaFX Application Thread] DEBUG GameWorld            - Clearing game world
11:41:42.590 [JavaFX Application Thread] DEBUG PhysicsWorld         - Clearing physics world
11:41:42.591 [JavaFX Application Thread] DEBUG FXGLApplication      - Registering font factories with UI factory
11:41:42.609 [FXGL Background Thread 4 ] WARN  FXGLAssetLoaderServi - Asset "/assets/textures/simuladorrestaurant/assets/mesero.png" was not found!
11:41:42.610 [FXGL Background Thread 4 ] WARN  FXGLAssetLoaderServi - Failed to load IMAGE
11:41:42.774 [FXGL Background Thread 4 ] WARN  FXGLAssetLoaderServi - Asset "/assets/textures/cocinero.png" was not found!
11:41:42.775 [FXGL Background Thread 4 ] WARN  FXGLAssetLoaderServi - Failed to load IMAGE
11:41:42.779 [FXGL Background Thread 4 ] INFO  FXGLApplication      - Game initialization took: 0.188 sec
11:41:42.822 [JavaFX Application Thread] DEBUG Input                - Clearing active input actions
11:41:42.838 [JavaFX Application Thread] DEBUG GameApplicationServi - Removing overlay from FXGLLoadingScene and adding to GameScene
11:41:42.838 [JavaFX Application Thread] DEBUG PrimaryStageWindow   - FXGLLoadingScene -> GameScene
11:41:43.146 [FXGL Background Thread 2 ] INFO  UpdaterService       - Your current version:  17.3
11:41:43.146 [FXGL Background Thread 2 ] INFO  UpdaterService       - Latest stable version: 21.1
11:41:45.033 [JavaFX Application Thread] DEBUG FXGLApplication      - Exiting FXGL
11:41:45.033 [JavaFX Application Thread] DEBUG LoopRunner           - Stopping loop
11:41:45.033 [JavaFX Application Thread] DEBUG SystemBundleService  - Saving FXGL system data
11:41:45.036 [JavaFX Application Thread] DEBUG FileSystemAccess     - Writing to: C:\Users\PizzaNewt\IdeaProjects\juego\system\fxgl.bundle
11:41:45.036 [JavaFX Application Thread] DEBUG Async                - Shutting down background threads
11:41:45.037 [JavaFX Application Thread] DEBUG PrimaryStageWindow   - Closing main window
11:41:45.066 [JavaFX Application Thread] DEBUG Logger               - Closing Logger
