02:19:51.567 [main                     ] DEBUG Logger               - Configured Logger
02:19:51.586 [main                     ] DEBUG GameApplication      - Logging settings
Title: Simulación FXGL
Version: 0.1
Width: 600
Height: 400
Fullscreen: false
Intro: false
Profiling: false
Single step:false
App Mode: DEVELOPER
Menu Key: ESCAPE
Stage Style: DECORATED
Scene Factory: class com.almasb.fxgl.app.scene.SceneFactory

02:19:51.802 [JavaFX Application Thread] DEBUG FXGLApplication      - Initializing FXGL
02:19:51.806 [JavaFX Application Thread] INFO  Engine               - FXGL-17.3 (30.03.2023 11.49) on WINDOWS (J:19.0.1 FX:17.0.6)
02:19:51.807 [JavaFX Application Thread] DEBUG Engine               - JRE Vendor Name: Oracle Corporation
02:19:51.807 [JavaFX Application Thread] DEBUG Engine               - Running on OS: Windows 11 version 10.0
02:19:51.807 [JavaFX Application Thread] DEBUG Engine               - Architecture: amd64
02:19:51.807 [JavaFX Application Thread] INFO  Engine               - Source code and latest versions at: https://github.com/AlmasB/FXGL
02:19:51.808 [JavaFX Application Thread] INFO  Engine               -       Ask questions and discuss at: https://github.com/AlmasB/FXGL/discussions
02:19:51.808 [JavaFX Application Thread] INFO  Engine               -              Join the FXGL chat at: https://gitter.im/AlmasB/FXGL
02:19:51.914 [JavaFX Application Thread] DEBUG PrimaryStageWindow   - Creating a JavaFX scene
02:19:51.963 [JavaFX Application Thread] DEBUG PrimaryStageWindow   - Target settings size: 600.0 x 400.0
02:19:51.964 [JavaFX Application Thread] DEBUG PrimaryStageWindow   - Scaled scene size:    600.0 x 400.0
02:19:51.964 [JavaFX Application Thread] DEBUG PrimaryStageWindow   - Scaled ratio: (1.0, 1.0)
02:19:51.965 [JavaFX Application Thread] DEBUG PrimaryStageWindow   - Set initial scene to FXGLStartupScene
02:19:51.975 [JavaFX Application Thread] DEBUG PrimaryStageWindow   - Opening main window
02:19:52.099 [JavaFX Application Thread] DEBUG PrimaryStageWindow   - Window border size: (16.0, 39.0)
02:19:52.099 [JavaFX Application Thread] DEBUG PrimaryStageWindow   - Scaled size: 600.0 x 400.0
02:19:52.100 [JavaFX Application Thread] DEBUG PrimaryStageWindow   - Scaled ratio: (1.0, 1.0)
02:19:52.100 [JavaFX Application Thread] DEBUG PrimaryStageWindow   - Scene size: 600.0 x 400.0
02:19:52.100 [JavaFX Application Thread] DEBUG PrimaryStageWindow   - Stage size: 616.0 x 439.0
02:19:52.108 [FXGL Background Thread 1 ] DEBUG Engine               - Initializing environment variables
02:19:52.163 [FXGL Background Thread 1 ] DEBUG FXGLAssetLoaderServi - User app class for loading assets: class simuladorrestaurant.ui.FXGLApplication
02:19:52.163 [FXGL Background Thread 1 ] DEBUG GameApplicationServi - Applying CSS: fxgl_dark.css
02:19:52.165 [FXGL Background Thread 1 ] DEBUG FXGLAssetLoaderServi - Loading from file system: jar:file:///C:/Users/PizzaNewt/.m2/repository/com/github/almasb/fxgl/17.3/fxgl-17.3.jar!/fxglassets/ui/css/fxgl_dark.css
02:19:52.228 [FXGL Background Thread 1 ] DEBUG GameApplicationServi - Initializing application scenes
02:19:52.270 [FXGL Background Thread 1 ] DEBUG GameWorld            - Game world initialized
02:19:52.348 [FXGL Background Thread 1 ] DEBUG PhysicsWorld         - Physics world initialized: appHeight=400, physics.ppm=50.0
02:19:52.349 [FXGL Background Thread 1 ] DEBUG PhysicsWorld         - Using strategy: BRUTE_FORCE
02:19:52.355 [FXGL Background Thread 1 ] DEBUG GameScene            - Game scene initialized: 600x400
02:19:52.374 [FXGL Background Thread 1 ] WARN  FXGL.DefaultMenu     - FXGLDefaultMenu is not designed for resolutions < 800x600
02:19:52.374 [FXGL Background Thread 1 ] DEBUG FXGL.DefaultMenu     - createMenuBodyGameMenu()
02:19:52.393 [FXGL Background Thread 1 ] DEBUG FXGL.DefaultMenu     - createOptionsMenu()
02:19:52.407 [FXGL Background Thread 1 ] DEBUG FXGLAssetLoaderServi - Loading from file system: jar:file:///C:/Users/PizzaNewt/.m2/repository/com/github/almasb/fxgl/17.3/fxgl-17.3.jar!/fxglassets/textures/particles/smoke.png
02:19:52.532 [FXGL Background Thread 1 ] DEBUG FXGLAssetLoaderServi - Loading from file system: jar:file:///C:/Users/PizzaNewt/.m2/repository/com/github/almasb/fxgl/17.3/fxgl-17.3.jar!/fxglassets/textures/particles/trace_horizontal.png
02:19:52.579 [FXGL Background Thread 1 ] DEBUG GameApplicationServi - Application scenes initialized
02:19:52.599 [FXGL Background Thread 1 ] DEBUG SystemBundleService  - Loading FXGL system data
02:19:52.602 [FXGL Background Thread 1 ] DEBUG FileSystemAccess     - Reading from: C:\Users\PizzaNewt\IdeaProjects\juego\system\fxgl.bundle
02:19:52.607 [FXGL Background Thread 1 ] DEBUG SystemBundleService  - Bundle FXGL: {}
02:19:52.607 [FXGL Background Thread 1 ] DEBUG UpdaterService       - Checking for updates
02:19:52.612 [FXGL Background Thread 4 ] DEBUG FXGLApplication      - Loading fonts
02:19:52.613 [FXGL Background Thread 1 ] DEBUG FXGLApplication      - Loading default localization
02:19:52.613 [FXGL Background Thread 4 ] DEBUG FXGLAssetLoaderServi - Loading from file system: jar:file:///C:/Users/PizzaNewt/.m2/repository/com/github/almasb/fxgl/17.3/fxgl-17.3.jar!/fxglassets/ui/fonts/VarelaRound-Regular.ttf
02:19:52.613 [FXGL Background Thread 1 ] DEBUG FXGLAssetLoaderServi - Loading from file system: jar:file:///C:/Users/PizzaNewt/.m2/repository/com/github/almasb/fxgl/17.3/fxgl-17.3.jar!/fxglassets/languages/english.lang
02:19:52.643 [FXGL Background Thread 1 ] INFO  FXGLApplication      - FXGL initialization took: 0.535 sec
02:19:52.644 [JavaFX Application Thread] DEBUG FXGLAssetLoaderServi - Loading from file system: jar:file:///C:/Users/PizzaNewt/.m2/repository/com/github/almasb/fxgl/17.3/fxgl-17.3.jar!/fxglassets/textures/fxgl_icon.png
02:19:52.645 [FXGL Background Thread 4 ] DEBUG FXGLAssetLoaderServi - Loading from file system: jar:file:///C:/Users/PizzaNewt/.m2/repository/com/github/almasb/fxgl/17.3/fxgl-17.3.jar!/fxglassets/ui/fonts/Abel-Regular.ttf
02:19:52.665 [FXGL Background Thread 4 ] DEBUG FXGLAssetLoaderServi - Loading from file system: jar:file:///C:/Users/PizzaNewt/.m2/repository/com/github/almasb/fxgl/17.3/fxgl-17.3.jar!/fxglassets/ui/fonts/TerminalLandMono-Regular.otf
02:19:52.685 [JavaFX Application Thread] DEBUG FXGLAssetLoaderServi - Loading from file system: jar:file:///C:/Users/PizzaNewt/.m2/repository/com/github/almasb/fxgl/17.3/fxgl-17.3.jar!/fxglassets/textures/fxgl_default_cursor.png
02:19:52.686 [FXGL Background Thread 4 ] DEBUG FXGLAssetLoaderServi - Loading from file system: jar:file:///C:/Users/PizzaNewt/.m2/repository/com/github/almasb/fxgl/17.3/fxgl-17.3.jar!/fxglassets/ui/fonts/Courier-Prime.ttf
02:19:52.702 [JavaFX Application Thread] DEBUG Input                - Registered new binding: Screenshot - CTRL+8
02:19:52.703 [JavaFX Application Thread] DEBUG Input                - Registered new binding: System info dump - CTRL+9
02:19:52.704 [JavaFX Application Thread] DEBUG Input                - Registered new binding: Restart - CTRL+R
02:19:52.705 [JavaFX Application Thread] DEBUG Input                - Registered new binding: Toggle Debug Camera - CTRL+7
02:19:52.708 [JavaFX Application Thread] DEBUG LoopRunner           - Starting loop
02:19:52.708 [JavaFX Application Thread] DEBUG LoopRunner           - Initializing JavaFX AnimationTimerLoop
02:19:52.709 [JavaFX Application Thread] DEBUG GameApplicationServi - Starting new game
02:19:52.710 [JavaFX Application Thread] DEBUG Input                - Clearing active input actions
02:19:52.724 [JavaFX Application Thread] DEBUG GameApplicationServi - Removing overlay from FXGLStartupScene and adding to FXGLLoadingScene
02:19:52.724 [JavaFX Application Thread] DEBUG PrimaryStageWindow   - FXGLStartupScene -> FXGLLoadingScene
02:19:52.724 [JavaFX Application Thread] DEBUG GameApplicationServi - Clearing previous game
02:19:52.724 [JavaFX Application Thread] DEBUG GameScene            - Clearing game scene
02:19:52.725 [JavaFX Application Thread] DEBUG GameWorld            - Clearing game world
02:19:52.725 [JavaFX Application Thread] DEBUG PhysicsWorld         - Clearing physics world
02:19:52.729 [FXGL Background Thread 4 ] DEBUG FXGLApplication      - Initializing game
02:19:52.729 [JavaFX Application Thread] DEBUG FXGLApplication      - Registering font factories with UI factory
02:19:52.807 [FXGL Background Thread 4 ] INFO  FXGLApplication      - Game initialization took: 0.078 sec
02:19:52.849 [JavaFX Application Thread] DEBUG Input                - Clearing active input actions
02:19:52.850 [JavaFX Application Thread] DEBUG LoopRunner           - Stopping loop
02:19:52.855 [JavaFX Application Thread] FATAL FXGLApplication      - Uncaught Exception:
java.lang.IllegalArgumentException: Pane@2398c554is already inside a scene-graph and cannot be set as root
	at javafx.graphics/javafx.scene.Scene$8.invalidated(Scene.java:1214)
	at javafx.base/javafx.beans.property.ObjectPropertyBase.markInvalid(ObjectPropertyBase.java:112)
	at javafx.base/javafx.beans.property.ObjectPropertyBase.set(ObjectPropertyBase.java:147)
	at javafx.graphics/javafx.scene.Scene.setRoot(Scene.java:1186)
	at com.almasb.fxgl.all@17.3/com.almasb.fxgl.app.PrimaryStageWindow.setRoot(MainWindow.kt:486)
	at com.almasb.fxgl.all@17.3/com.almasb.fxgl.app.MainWindow.setScene(MainWindow.kt:145)
	at com.almasb.fxgl.all@17.3/com.almasb.fxgl.app.FXGLApplication$GameApplicationService.gotoPlay(FXGLApplication.kt:684)
	at com.almasb.fxgl.all@17.3/com.almasb.fxgl.dsl.FXGL$Companion$controller$1.gotoPlay(FXGL.kt:126)
	at com.almasb.fxgl.all@17.3/com.almasb.fxgl.app.scene.LoadingScene.pushNewTask$lambda$0(LoadingScene.kt:34)
	at javafx.base/com.sun.javafx.event.CompositeEventHandler.dispatchBubblingEvent(CompositeEventHandler.java:86)
	at javafx.base/com.sun.javafx.event.EventHandlerManager.dispatchBubblingEvent(EventHandlerManager.java:234)
	at javafx.base/com.sun.javafx.event.EventHandlerManager.dispatchBubblingEvent(EventHandlerManager.java:191)
	at javafx.base/com.sun.javafx.event.BasicEventDispatcher.dispatchEvent(BasicEventDispatcher.java:58)
	at javafx.base/com.sun.javafx.event.EventDispatchChainImpl.dispatchEvent(EventDispatchChainImpl.java:114)
	at javafx.base/com.sun.javafx.event.EventUtil.fireEventImpl(EventUtil.java:74)
	at javafx.base/com.sun.javafx.event.EventUtil.fireEvent(EventUtil.java:54)
	at javafx.base/javafx.event.Event.fireEvent(Event.java:198)
	at javafx.graphics/javafx.concurrent.EventHelper.fireEvent(EventHelper.java:219)
	at javafx.graphics/javafx.concurrent.Task.fireEvent(Task.java:1359)
	at javafx.graphics/javafx.concurrent.Task.setState(Task.java:725)
	at javafx.graphics/javafx.concurrent.Task$TaskCallable.lambda$call$1(Task.java:1437)
	at javafx.graphics/com.sun.javafx.application.PlatformImpl.lambda$runLater$10(PlatformImpl.java:457)
	at java.base/java.security.AccessController.doPrivileged(AccessController.java:399)
	at javafx.graphics/com.sun.javafx.application.PlatformImpl.lambda$runLater$11(PlatformImpl.java:456)
	at javafx.graphics/com.sun.glass.ui.InvokeLaterDispatcher$Future.run(InvokeLaterDispatcher.java:96)
	at javafx.graphics/com.sun.glass.ui.win.WinApplication._runLoop(Native Method)
	at javafx.graphics/com.sun.glass.ui.win.WinApplication.lambda$runLoop$3(WinApplication.java:184)
	at java.base/java.lang.Thread.run(Thread.java:1589)

02:19:52.855 [JavaFX Application Thread] FATAL FXGLApplication      - Application will now exit
02:19:52.873 [JavaFX Application Thread] DEBUG PrimaryStageWindow   - Push state: ErrorSubScene
02:19:52.875 [JavaFX Application Thread] DEBUG Input                - Clearing active input actions
02:19:52.875 [JavaFX Application Thread] DEBUG GameApplicationServi - Removing overlay from FXGLLoadingScene and adding to ErrorSubScene
02:19:52.875 [JavaFX Application Thread] DEBUG PrimaryStageWindow   - GameScene -> ErrorSubScene
02:19:53.176 [FXGL Background Thread 2 ] INFO  UpdaterService       - Your current version:  17.3
02:19:53.176 [FXGL Background Thread 2 ] INFO  UpdaterService       - Latest stable version: 21.1
02:19:55.611 [FXGL Background Thread 3 ] DEBUG Engine               - Logging environment variables
02:19:55.613 [FXGL Background Thread 3 ] DEBUG Engine               - achievements: []
02:19:55.613 [FXGL Background Thread 3 ] DEBUG Engine               - actualHeight: 400.0
02:19:55.613 [FXGL Background Thread 3 ] DEBUG Engine               - actualHeightProperty: ReadOnlyDoubleProperty [value: 400.0]
02:19:55.613 [FXGL Background Thread 3 ] DEBUG Engine               - actualWidth: 600.0
02:19:55.613 [FXGL Background Thread 3 ] DEBUG Engine               - actualWidthProperty: ReadOnlyDoubleProperty [value: 600.0]
02:19:55.613 [FXGL Background Thread 3 ] DEBUG Engine               - appIcon: fxgl_icon.png
02:19:55.613 [FXGL Background Thread 3 ] DEBUG Engine               - applicationMode: DEVELOPER
02:19:55.613 [FXGL Background Thread 3 ] DEBUG Engine               - cSSList: [fxgl_dark.css]
02:19:55.613 [FXGL Background Thread 3 ] DEBUG Engine               - collisionDetectionStrategy: BRUTE_FORCE
02:19:55.613 [FXGL Background Thread 3 ] DEBUG Engine               - configClass: Optional.empty
02:19:55.613 [FXGL Background Thread 3 ] DEBUG Engine               - credits: []
02:19:55.613 [FXGL Background Thread 3 ] DEBUG Engine               - defaultCursor: CursorInfo(imageName=fxgl_default_cursor.png, hotspotX=7.0, hotspotY=6.0)
02:19:55.613 [FXGL Background Thread 3 ] DEBUG Engine               - devBBoxColorProperty: ObjectProperty [value: 0xff0000ff]
02:19:55.614 [FXGL Background Thread 3 ] DEBUG Engine               - devEnableDebugCameraProperty: BooleanProperty [value: false]
02:19:55.614 [FXGL Background Thread 3 ] DEBUG Engine               - devSensorColorProperty: ObjectProperty [value: 0xffff00ff]
02:19:55.614 [FXGL Background Thread 3 ] DEBUG Engine               - devShowBBoxProperty: BooleanProperty [value: false]
02:19:55.614 [FXGL Background Thread 3 ] DEBUG Engine               - devShowPositionProperty: BooleanProperty [value: false]
02:19:55.614 [FXGL Background Thread 3 ] DEBUG Engine               - enabledMenuItems: []
02:19:55.614 [FXGL Background Thread 3 ] DEBUG Engine               - engineServices: [class com.almasb.fxgl.app.services.FXGLAssetLoaderService, class com.almasb.fxgl.app.FXGLApplication$GameApplicationService, class com.almasb.fxgl.app.services.FXGLDialogService, class com.almasb.fxgl.app.services.IOTaskExecutorService, class com.almasb.fxgl.io.FileSystemService, class com.almasb.fxgl.localization.LocalizationService, class com.almasb.fxgl.app.services.SystemBundleService, class com.almasb.fxgl.profile.SaveLoadService, class com.almasb.fxgl.ui.FXGLUIFactoryServiceProvider, class com.almasb.fxgl.ui.FXGLDialogFactoryServiceProvider, class com.almasb.fxgl.audio.AudioPlayer, class com.almasb.fxgl.notification.impl.NotificationServiceProvider, class com.almasb.fxgl.achievement.AchievementService, class com.almasb.fxgl.cutscene.CutsceneService, class com.almasb.fxgl.minigames.MiniGameService, class com.almasb.fxgl.net.NetService, class com.almasb.fxgl.app.services.UpdaterService, class com.almasb.fxgl.dev.DevService]
02:19:55.614 [FXGL Background Thread 3 ] DEBUG Engine               - fontGame: Abel-Regular.ttf
02:19:55.614 [FXGL Background Thread 3 ] DEBUG Engine               - fontMono: TerminalLandMono-Regular.otf
02:19:55.614 [FXGL Background Thread 3 ] DEBUG Engine               - fontSizeScaleUI: 1.0
02:19:55.614 [FXGL Background Thread 3 ] DEBUG Engine               - fontText: Courier-Prime.ttf
02:19:55.614 [FXGL Background Thread 3 ] DEBUG Engine               - fontUI: VarelaRound-Regular.ttf
02:19:55.615 [FXGL Background Thread 3 ] DEBUG Engine               - fullScreen: BooleanProperty [value: false]
02:19:55.615 [FXGL Background Thread 3 ] DEBUG Engine               - gameDifficulty: MEDIUM
02:19:55.615 [FXGL Background Thread 3 ] DEBUG Engine               - gameDifficultyProperty: ObjectProperty [value: MEDIUM]
02:19:55.615 [FXGL Background Thread 3 ] DEBUG Engine               - globalMusicVolume: 0.5
02:19:55.615 [FXGL Background Thread 3 ] DEBUG Engine               - globalMusicVolumeProperty: DoubleProperty [value: 0.5]
02:19:55.615 [FXGL Background Thread 3 ] DEBUG Engine               - globalSoundVolume: 0.5
02:19:55.615 [FXGL Background Thread 3 ] DEBUG Engine               - globalSoundVolumeProperty: DoubleProperty [value: 0.5]
02:19:55.615 [FXGL Background Thread 3 ] DEBUG Engine               - height: 400
02:19:55.615 [FXGL Background Thread 3 ] DEBUG Engine               - is3D: false
02:19:55.615 [FXGL Background Thread 3 ] DEBUG Engine               - isAndroid: false
02:19:55.615 [FXGL Background Thread 3 ] DEBUG Engine               - isBrowser: false
02:19:55.615 [FXGL Background Thread 3 ] DEBUG Engine               - isClickFeedbackEnabled: false
02:19:55.615 [FXGL Background Thread 3 ] DEBUG Engine               - isCloseConfirmation: false
02:19:55.615 [FXGL Background Thread 3 ] DEBUG Engine               - isDesktop: true
02:19:55.615 [FXGL Background Thread 3 ] DEBUG Engine               - isDeveloperMenuEnabled: false
02:19:55.615 [FXGL Background Thread 3 ] DEBUG Engine               - isEmbedded: false
02:19:55.615 [FXGL Background Thread 3 ] DEBUG Engine               - isEntityPreloadEnabled: true
02:19:55.615 [FXGL Background Thread 3 ] DEBUG Engine               - isExperimentalTiledLargeMap: false
02:19:55.615 [FXGL Background Thread 3 ] DEBUG Engine               - isFileSystemWriteAllowed: true
02:19:55.615 [FXGL Background Thread 3 ] DEBUG Engine               - isFullScreenAllowed: false
02:19:55.615 [FXGL Background Thread 3 ] DEBUG Engine               - isFullScreenFromStart: false
02:19:55.615 [FXGL Background Thread 3 ] DEBUG Engine               - isGameMenuEnabled: true
02:19:55.615 [FXGL Background Thread 3 ] DEBUG Engine               - isIOS: false
02:19:55.615 [FXGL Background Thread 3 ] DEBUG Engine               - isIntroEnabled: false
02:19:55.616 [FXGL Background Thread 3 ] DEBUG Engine               - isLinux: false
02:19:55.616 [FXGL Background Thread 3 ] DEBUG Engine               - isMac: false
02:19:55.616 [FXGL Background Thread 3 ] DEBUG Engine               - isMainMenuEnabled: false
02:19:55.616 [FXGL Background Thread 3 ] DEBUG Engine               - isManualResizeEnabled: false
02:19:55.616 [FXGL Background Thread 3 ] DEBUG Engine               - isMobile: false
02:19:55.616 [FXGL Background Thread 3 ] DEBUG Engine               - isNative: false
02:19:55.616 [FXGL Background Thread 3 ] DEBUG Engine               - isPauseMusicWhenMinimized: true
02:19:55.616 [FXGL Background Thread 3 ] DEBUG Engine               - isPreserveResizeRatio: false
02:19:55.616 [FXGL Background Thread 3 ] DEBUG Engine               - isProfilingEnabled: false
02:19:55.616 [FXGL Background Thread 3 ] DEBUG Engine               - isScaleAffectedOnResize: true
02:19:55.616 [FXGL Background Thread 3 ] DEBUG Engine               - isSingleStep: false
02:19:55.616 [FXGL Background Thread 3 ] DEBUG Engine               - isUserProfileEnabled: false
02:19:55.616 [FXGL Background Thread 3 ] DEBUG Engine               - isWindows: true
02:19:55.616 [FXGL Background Thread 3 ] DEBUG Engine               - language: ObjectProperty [value: ENGLISH]
02:19:55.616 [FXGL Background Thread 3 ] DEBUG Engine               - menuKey: ESCAPE
02:19:55.616 [FXGL Background Thread 3 ] DEBUG Engine               - mouseSensitivity: 0.2
02:19:55.616 [FXGL Background Thread 3 ] DEBUG Engine               - notificationViewClass: class com.almasb.fxgl.notification.view.XboxNotificationView
02:19:55.616 [FXGL Background Thread 3 ] DEBUG Engine               - pixelsPerMeter: 50.0
02:19:55.616 [FXGL Background Thread 3 ] DEBUG Engine               - platform: WINDOWS
02:19:55.616 [FXGL Background Thread 3 ] DEBUG Engine               - prefHeightProperty: ReadOnlyDoubleProperty [value: 400.0]
02:19:55.616 [FXGL Background Thread 3 ] DEBUG Engine               - prefWidthProperty: ReadOnlyDoubleProperty [value: 600.0]
02:19:55.616 [FXGL Background Thread 3 ] DEBUG Engine               - profileDir: profiles/
02:19:55.616 [FXGL Background Thread 3 ] DEBUG Engine               - profileName: StringProperty [value: DEFAULT]
02:19:55.616 [FXGL Background Thread 3 ] DEBUG Engine               - randomSeed: -1
02:19:55.617 [FXGL Background Thread 3 ] DEBUG Engine               - runtimeInfo: RuntimeInfo(platform=WINDOWS, version=17.3, build=30.03.2023 11.49)
02:19:55.617 [FXGL Background Thread 3 ] DEBUG Engine               - saveFileExt: sav
02:19:55.617 [FXGL Background Thread 3 ] DEBUG Engine               - scaledHeightProp$fxgl: DoubleProperty [bound, value: 400.0]
02:19:55.617 [FXGL Background Thread 3 ] DEBUG Engine               - scaledWidthProp$fxgl: DoubleProperty [bound, value: 600.0]
02:19:55.617 [FXGL Background Thread 3 ] DEBUG Engine               - sceneFactory: com.almasb.fxgl.app.scene.SceneFactory@16d7ad8b
02:19:55.617 [FXGL Background Thread 3 ] DEBUG Engine               - secondsIn24h: 60
02:19:55.617 [FXGL Background Thread 3 ] DEBUG Engine               - soundMenuBack: menu/back.wav
02:19:55.617 [FXGL Background Thread 3 ] DEBUG Engine               - soundMenuPress: menu/press.wav
02:19:55.617 [FXGL Background Thread 3 ] DEBUG Engine               - soundMenuSelect: menu/select.wav
02:19:55.617 [FXGL Background Thread 3 ] DEBUG Engine               - soundNotification: core/notification.wav
02:19:55.617 [FXGL Background Thread 3 ] DEBUG Engine               - stageStyle: DECORATED
02:19:55.617 [FXGL Background Thread 3 ] DEBUG Engine               - supportedLanguages: [ENGLISH, FRENCH, GERMAN, HUNGARIAN, RUSSIAN]
02:19:55.617 [FXGL Background Thread 3 ] DEBUG Engine               - ticksPerSecond: -1
02:19:55.617 [FXGL Background Thread 3 ] DEBUG Engine               - title: Simulación FXGL
02:19:55.617 [FXGL Background Thread 3 ] DEBUG Engine               - urlGithub: https://github.com/AlmasB/FXGL
02:19:55.617 [FXGL Background Thread 3 ] DEBUG Engine               - urlLeaderboard: http://fxgl-top.herokuapp.com/
02:19:55.617 [FXGL Background Thread 3 ] DEBUG Engine               - urlPOM: https://raw.githubusercontent.com/AlmasB/FXGL/release/README.md
02:19:55.617 [FXGL Background Thread 3 ] DEBUG Engine               - userAppClass: class simuladorrestaurant.ui.FXGLApplication
02:19:55.617 [FXGL Background Thread 3 ] DEBUG Engine               - version: 0.1
02:19:55.617 [FXGL Background Thread 3 ] DEBUG Engine               - versionCheckDays: 7
02:19:55.617 [FXGL Background Thread 3 ] DEBUG Engine               - width: 600
02:19:55.617 [FXGL Background Thread 3 ] DEBUG Engine               - Logging services
02:19:55.617 [FXGL Background Thread 3 ] DEBUG Engine               - class com.almasb.fxgl.app.services.FXGLAssetLoaderService
02:19:55.617 [FXGL Background Thread 3 ] DEBUG Engine               - class com.almasb.fxgl.app.FXGLApplication$GameApplicationService
02:19:55.617 [FXGL Background Thread 3 ] DEBUG Engine               - class com.almasb.fxgl.app.services.FXGLDialogService
02:19:55.617 [FXGL Background Thread 3 ] DEBUG Engine               - class com.almasb.fxgl.app.services.IOTaskExecutorService
02:19:55.617 [FXGL Background Thread 3 ] DEBUG Engine               - class com.almasb.fxgl.io.FileSystemService
02:19:55.617 [FXGL Background Thread 3 ] DEBUG Engine               - class com.almasb.fxgl.localization.LocalizationService
02:19:55.617 [FXGL Background Thread 3 ] DEBUG Engine               - class com.almasb.fxgl.app.services.SystemBundleService
02:19:55.617 [FXGL Background Thread 3 ] DEBUG Engine               - class com.almasb.fxgl.profile.SaveLoadService
02:19:55.617 [FXGL Background Thread 3 ] DEBUG Engine               - class com.almasb.fxgl.ui.FXGLUIFactoryServiceProvider
02:19:55.618 [FXGL Background Thread 3 ] DEBUG Engine               - class com.almasb.fxgl.ui.FXGLDialogFactoryServiceProvider
02:19:55.618 [FXGL Background Thread 3 ] DEBUG Engine               - class com.almasb.fxgl.audio.AudioPlayer
02:19:55.618 [FXGL Background Thread 3 ] DEBUG Engine               - class com.almasb.fxgl.notification.impl.NotificationServiceProvider
02:19:55.618 [FXGL Background Thread 3 ] DEBUG Engine               - class com.almasb.fxgl.achievement.AchievementService
02:19:55.618 [FXGL Background Thread 3 ] DEBUG Engine               - class com.almasb.fxgl.cutscene.CutsceneService
02:19:55.618 [FXGL Background Thread 3 ] DEBUG Engine               - class com.almasb.fxgl.minigames.MiniGameService
02:19:55.618 [FXGL Background Thread 3 ] DEBUG Engine               - class com.almasb.fxgl.net.NetService
02:19:55.618 [FXGL Background Thread 3 ] DEBUG Engine               - class com.almasb.fxgl.app.services.UpdaterService
02:19:55.618 [FXGL Background Thread 3 ] DEBUG Engine               - class com.almasb.fxgl.dev.DevService
02:20:21.370 [JavaFX Application Thread] DEBUG FXGLApplication      - Exiting FXGL
02:20:21.370 [JavaFX Application Thread] DEBUG Async                - Shutting down background threads
02:20:21.371 [JavaFX Application Thread] DEBUG PrimaryStageWindow   - Closing main window
02:20:21.388 [JavaFX Application Thread] DEBUG Logger               - Closing Logger
