03:16:49.434 [main                     ] DEBUG Logger               - Configured Logger
03:16:49.465 [main                     ] DEBUG GameApplication      - Logging settings
Title: Simulador de Restaurante
Version: 1.0
Width: 800
Height: 600
Fullscreen: false
Intro: false
Profiling: false
Single step:false
App Mode: DEVELOPER
Menu Key: ESCAPE
Stage Style: DECORATED
Scene Factory: class com.almasb.fxgl.app.scene.SceneFactory

03:16:49.955 [JavaFX Application Thread] DEBUG FXGLApplication      - Initializing FXGL
03:16:49.960 [JavaFX Application Thread] INFO  Engine               - FXGL-17.3 (30.03.2023 11.49) on WINDOWS (J:19.0.1 FX:17.0.6)
03:16:49.961 [JavaFX Application Thread] DEBUG Engine               - JRE Vendor Name: Oracle Corporation
03:16:49.961 [JavaFX Application Thread] DEBUG Engine               - Running on OS: Windows 11 version 10.0
03:16:49.961 [JavaFX Application Thread] DEBUG Engine               - Architecture: amd64
03:16:49.961 [JavaFX Application Thread] INFO  Engine               - Source code and latest versions at: https://github.com/AlmasB/FXGL
03:16:49.961 [JavaFX Application Thread] INFO  Engine               -       Ask questions and discuss at: https://github.com/AlmasB/FXGL/discussions
03:16:49.962 [JavaFX Application Thread] INFO  Engine               -              Join the FXGL chat at: https://gitter.im/AlmasB/FXGL
03:16:50.093 [JavaFX Application Thread] DEBUG PrimaryStageWindow   - Creating a JavaFX scene
03:16:50.143 [JavaFX Application Thread] DEBUG PrimaryStageWindow   - Target settings size: 800.0 x 600.0
03:16:50.144 [JavaFX Application Thread] DEBUG PrimaryStageWindow   - Scaled scene size:    800.0 x 600.0
03:16:50.144 [JavaFX Application Thread] DEBUG PrimaryStageWindow   - Scaled ratio: (1.0, 1.0)
03:16:50.145 [JavaFX Application Thread] DEBUG PrimaryStageWindow   - Set initial scene to FXGLStartupScene
03:16:50.154 [JavaFX Application Thread] DEBUG PrimaryStageWindow   - Opening main window
03:16:50.264 [JavaFX Application Thread] DEBUG PrimaryStageWindow   - Window border size: (16.0, 39.0)
03:16:50.265 [JavaFX Application Thread] DEBUG PrimaryStageWindow   - Scaled size: 800.0 x 600.0
03:16:50.265 [JavaFX Application Thread] DEBUG PrimaryStageWindow   - Scaled ratio: (1.0, 1.0)
03:16:50.265 [JavaFX Application Thread] DEBUG PrimaryStageWindow   - Scene size: 800.0 x 600.0
03:16:50.265 [JavaFX Application Thread] DEBUG PrimaryStageWindow   - Stage size: 816.0 x 639.0
03:16:50.273 [FXGL Background Thread 1 ] DEBUG Engine               - Initializing environment variables
03:16:50.333 [FXGL Background Thread 1 ] DEBUG FXGLAssetLoaderServi - User app class for loading assets: class simuladorrestaurant.ui.RestaurantUI
03:16:50.333 [FXGL Background Thread 1 ] DEBUG GameApplicationServi - Applying CSS: fxgl_dark.css
03:16:50.335 [FXGL Background Thread 1 ] DEBUG FXGLAssetLoaderServi - Loading from file system: jar:file:///C:/Users/PizzaNewt/.m2/repository/com/github/almasb/fxgl/17.3/fxgl-17.3.jar!/fxglassets/ui/css/fxgl_dark.css
03:16:50.397 [FXGL Background Thread 1 ] DEBUG GameApplicationServi - Initializing application scenes
03:16:50.438 [FXGL Background Thread 1 ] DEBUG GameWorld            - Game world initialized
03:16:50.511 [FXGL Background Thread 1 ] DEBUG PhysicsWorld         - Physics world initialized: appHeight=600, physics.ppm=50.0
03:16:50.511 [FXGL Background Thread 1 ] DEBUG PhysicsWorld         - Using strategy: BRUTE_FORCE
03:16:50.516 [FXGL Background Thread 1 ] DEBUG GameScene            - Game scene initialized: 800x600
03:16:50.533 [FXGL Background Thread 1 ] DEBUG FXGL.DefaultMenu     - createMenuBodyGameMenu()
03:16:50.554 [FXGL Background Thread 1 ] DEBUG FXGL.DefaultMenu     - createOptionsMenu()
03:16:50.568 [FXGL Background Thread 1 ] DEBUG FXGLAssetLoaderServi - Loading from file system: jar:file:///C:/Users/PizzaNewt/.m2/repository/com/github/almasb/fxgl/17.3/fxgl-17.3.jar!/fxglassets/textures/particles/smoke.png
03:16:50.686 [FXGL Background Thread 1 ] DEBUG FXGLAssetLoaderServi - Loading from file system: jar:file:///C:/Users/PizzaNewt/.m2/repository/com/github/almasb/fxgl/17.3/fxgl-17.3.jar!/fxglassets/textures/particles/trace_horizontal.png
03:16:50.726 [FXGL Background Thread 1 ] DEBUG GameApplicationServi - Application scenes initialized
03:16:50.746 [FXGL Background Thread 1 ] DEBUG SystemBundleService  - Loading FXGL system data
03:16:50.749 [FXGL Background Thread 1 ] DEBUG FileSystemAccess     - Reading from: C:\Users\PizzaNewt\IdeaProjects\juego\system\fxgl.bundle
03:16:50.753 [FXGL Background Thread 1 ] DEBUG SystemBundleService  - Bundle FXGL: {}
03:16:50.753 [FXGL Background Thread 1 ] DEBUG UpdaterService       - Checking for updates
03:16:50.759 [FXGL Background Thread 4 ] DEBUG FXGLApplication      - Loading fonts
03:16:50.759 [FXGL Background Thread 1 ] DEBUG FXGLApplication      - Loading default localization
03:16:50.759 [FXGL Background Thread 4 ] DEBUG FXGLAssetLoaderServi - Loading from file system: jar:file:///C:/Users/PizzaNewt/.m2/repository/com/github/almasb/fxgl/17.3/fxgl-17.3.jar!/fxglassets/ui/fonts/VarelaRound-Regular.ttf
03:16:50.760 [FXGL Background Thread 1 ] DEBUG FXGLAssetLoaderServi - Loading from file system: jar:file:///C:/Users/PizzaNewt/.m2/repository/com/github/almasb/fxgl/17.3/fxgl-17.3.jar!/fxglassets/languages/english.lang
03:16:50.782 [FXGL Background Thread 1 ] INFO  FXGLApplication      - FXGL initialization took: 0.509 sec
03:16:50.784 [JavaFX Application Thread] DEBUG FXGLAssetLoaderServi - Loading from file system: jar:file:///C:/Users/PizzaNewt/.m2/repository/com/github/almasb/fxgl/17.3/fxgl-17.3.jar!/fxglassets/textures/fxgl_icon.png
03:16:50.808 [FXGL Background Thread 4 ] DEBUG FXGLAssetLoaderServi - Loading from file system: jar:file:///C:/Users/PizzaNewt/.m2/repository/com/github/almasb/fxgl/17.3/fxgl-17.3.jar!/fxglassets/ui/fonts/TerminalLandMono-Regular.otf
03:16:50.825 [JavaFX Application Thread] DEBUG FXGLAssetLoaderServi - Loading from file system: jar:file:///C:/Users/PizzaNewt/.m2/repository/com/github/almasb/fxgl/17.3/fxgl-17.3.jar!/fxglassets/textures/fxgl_default_cursor.png
03:16:50.829 [FXGL Background Thread 4 ] DEBUG FXGLAssetLoaderServi - Loading from file system: jar:file:///C:/Users/PizzaNewt/.m2/repository/com/github/almasb/fxgl/17.3/fxgl-17.3.jar!/fxglassets/ui/fonts/Courier-Prime.ttf
03:16:50.843 [JavaFX Application Thread] DEBUG Input                - Registered new binding: Screenshot - CTRL+8
03:16:50.844 [JavaFX Application Thread] DEBUG Input                - Registered new binding: System info dump - CTRL+9
03:16:50.844 [JavaFX Application Thread] DEBUG Input                - Registered new binding: Restart - CTRL+R
03:16:50.845 [JavaFX Application Thread] DEBUG Input                - Registered new binding: Toggle Debug Camera - CTRL+7
03:16:50.848 [JavaFX Application Thread] DEBUG LoopRunner           - Starting loop
03:16:50.848 [JavaFX Application Thread] DEBUG LoopRunner           - Initializing JavaFX AnimationTimerLoop
03:16:50.850 [JavaFX Application Thread] DEBUG GameApplicationServi - Starting new game
03:16:50.851 [JavaFX Application Thread] DEBUG Input                - Clearing active input actions
03:16:50.866 [JavaFX Application Thread] DEBUG GameApplicationServi - Removing overlay from FXGLStartupScene and adding to FXGLLoadingScene
03:16:50.867 [JavaFX Application Thread] DEBUG PrimaryStageWindow   - FXGLStartupScene -> FXGLLoadingScene
03:16:50.868 [JavaFX Application Thread] DEBUG GameApplicationServi - Clearing previous game
03:16:50.868 [JavaFX Application Thread] DEBUG GameScene            - Clearing game scene
03:16:50.868 [JavaFX Application Thread] DEBUG GameWorld            - Clearing game world
03:16:50.868 [JavaFX Application Thread] DEBUG PhysicsWorld         - Clearing physics world
03:16:50.870 [FXGL Background Thread 4 ] DEBUG FXGLApplication      - Initializing game
03:16:50.887 [FXGL Background Thread 4 ] WARN  FXGLAssetLoaderServi - Asset "/assets/textures/images/mesero.png" was not found!
03:16:50.888 [FXGL Background Thread 4 ] WARN  FXGLAssetLoaderServi - Failed to load IMAGE
03:16:50.918 [JavaFX Application Thread] DEBUG FXGLApplication      - Registering font factories with UI factory
03:16:51.032 [FXGL Background Thread 4 ] WARN  FXGLAssetLoaderServi - Asset "/assets/textures/images/cocinero.png" was not found!
03:16:51.032 [FXGL Background Thread 4 ] WARN  FXGLAssetLoaderServi - Failed to load IMAGE
03:16:51.035 [FXGL Background Thread 4 ] INFO  FXGLApplication      - Game initialization took: 0.166 sec
03:16:51.076 [JavaFX Application Thread] DEBUG Input                - Clearing active input actions
03:16:51.090 [JavaFX Application Thread] DEBUG GameApplicationServi - Removing overlay from FXGLLoadingScene and adding to GameScene
03:16:51.090 [JavaFX Application Thread] DEBUG PrimaryStageWindow   - FXGLLoadingScene -> GameScene
03:16:51.388 [FXGL Background Thread 2 ] INFO  UpdaterService       - Your current version:  17.3
03:16:51.389 [FXGL Background Thread 2 ] INFO  UpdaterService       - Latest stable version: 21.1
03:16:52.488 [JavaFX Application Thread] DEBUG FXGLApplication      - Exiting FXGL
03:16:52.488 [JavaFX Application Thread] DEBUG LoopRunner           - Stopping loop
03:16:52.488 [JavaFX Application Thread] DEBUG SystemBundleService  - Saving FXGL system data
03:16:52.492 [JavaFX Application Thread] DEBUG FileSystemAccess     - Writing to: C:\Users\PizzaNewt\IdeaProjects\juego\system\fxgl.bundle
03:16:52.492 [JavaFX Application Thread] DEBUG Async                - Shutting down background threads
03:16:52.493 [JavaFX Application Thread] DEBUG PrimaryStageWindow   - Closing main window
03:16:52.512 [JavaFX Application Thread] DEBUG Logger               - Closing Logger
