11:41:04.285 [main                     ] DEBUG Logger               - Configured Logger
11:41:04.319 [main                     ] DEBUG GameApplication      - Logging settings
Title: Simulador de Restaurante
Version: 1.0
Width: 800
Height: 600
Fullscreen: false
Intro: false
Profiling: false
Single step:false
App Mode: DEVELOPER
Menu Key: ESCAPE
Stage Style: DECORATED
Scene Factory: class com.almasb.fxgl.app.scene.SceneFactory

11:41:04.885 [JavaFX Application Thread] DEBUG FXGLApplication      - Initializing FXGL
11:41:04.889 [JavaFX Application Thread] INFO  Engine               - FXGL-17.3 (30.03.2023 11.49) on WINDOWS (J:19.0.1 FX:17.0.6)
11:41:04.889 [JavaFX Application Thread] DEBUG Engine               - JRE Vendor Name: Oracle Corporation
11:41:04.889 [JavaFX Application Thread] DEBUG Engine               - Running on OS: Windows 11 version 10.0
11:41:04.890 [JavaFX Application Thread] DEBUG Engine               - Architecture: amd64
11:41:04.890 [JavaFX Application Thread] INFO  Engine               - Source code and latest versions at: https://github.com/AlmasB/FXGL
11:41:04.890 [JavaFX Application Thread] INFO  Engine               -       Ask questions and discuss at: https://github.com/AlmasB/FXGL/discussions
11:41:04.890 [JavaFX Application Thread] INFO  Engine               -              Join the FXGL chat at: https://gitter.im/AlmasB/FXGL
11:41:05.030 [JavaFX Application Thread] DEBUG PrimaryStageWindow   - Creating a JavaFX scene
11:41:05.077 [JavaFX Application Thread] DEBUG PrimaryStageWindow   - Target settings size: 800.0 x 600.0
11:41:05.078 [JavaFX Application Thread] DEBUG PrimaryStageWindow   - Scaled scene size:    800.0 x 600.0
11:41:05.078 [JavaFX Application Thread] DEBUG PrimaryStageWindow   - Scaled ratio: (1.0, 1.0)
11:41:05.079 [JavaFX Application Thread] DEBUG PrimaryStageWindow   - Set initial scene to FXGLStartupScene
11:41:05.088 [JavaFX Application Thread] DEBUG PrimaryStageWindow   - Opening main window
11:41:05.201 [JavaFX Application Thread] DEBUG PrimaryStageWindow   - Window border size: (14.4000244140625, 37.5999755859375)
11:41:05.201 [JavaFX Application Thread] DEBUG PrimaryStageWindow   - Scaled size: 800.0 x 600.0
11:41:05.202 [JavaFX Application Thread] DEBUG PrimaryStageWindow   - Scaled ratio: (1.0, 1.0)
11:41:05.202 [JavaFX Application Thread] DEBUG PrimaryStageWindow   - Scene size: 800.0 x 600.0
11:41:05.203 [JavaFX Application Thread] DEBUG PrimaryStageWindow   - Stage size: 814.4000244140625 x 637.5999755859375
11:41:05.210 [FXGL Background Thread 1 ] DEBUG Engine               - Initializing environment variables
11:41:05.269 [FXGL Background Thread 1 ] DEBUG FXGLAssetLoaderServi - User app class for loading assets: class simuladorrestaurant.ui.RestaurantUI
11:41:05.270 [FXGL Background Thread 1 ] DEBUG GameApplicationServi - Applying CSS: fxgl_dark.css
11:41:05.271 [FXGL Background Thread 1 ] DEBUG FXGLAssetLoaderServi - Loading from file system: jar:file:///C:/Users/PizzaNewt/.m2/repository/com/github/almasb/fxgl/17.3/fxgl-17.3.jar!/fxglassets/ui/css/fxgl_dark.css
11:41:05.332 [FXGL Background Thread 1 ] DEBUG GameApplicationServi - Initializing application scenes
11:41:05.384 [FXGL Background Thread 1 ] DEBUG GameWorld            - Game world initialized
11:41:05.472 [FXGL Background Thread 1 ] DEBUG PhysicsWorld         - Physics world initialized: appHeight=600, physics.ppm=50.0
11:41:05.473 [FXGL Background Thread 1 ] DEBUG PhysicsWorld         - Using strategy: BRUTE_FORCE
11:41:05.480 [FXGL Background Thread 1 ] DEBUG GameScene            - Game scene initialized: 800x600
11:41:05.502 [FXGL Background Thread 1 ] DEBUG FXGL.DefaultMenu     - createMenuBodyGameMenu()
11:41:05.526 [FXGL Background Thread 1 ] DEBUG FXGL.DefaultMenu     - createOptionsMenu()
11:41:05.544 [FXGL Background Thread 1 ] DEBUG FXGLAssetLoaderServi - Loading from file system: jar:file:///C:/Users/PizzaNewt/.m2/repository/com/github/almasb/fxgl/17.3/fxgl-17.3.jar!/fxglassets/textures/particles/smoke.png
11:41:05.684 [FXGL Background Thread 1 ] DEBUG FXGLAssetLoaderServi - Loading from file system: jar:file:///C:/Users/PizzaNewt/.m2/repository/com/github/almasb/fxgl/17.3/fxgl-17.3.jar!/fxglassets/textures/particles/trace_horizontal.png
11:41:05.728 [FXGL Background Thread 1 ] DEBUG GameApplicationServi - Application scenes initialized
11:41:05.746 [FXGL Background Thread 1 ] DEBUG SystemBundleService  - Loading FXGL system data
11:41:05.749 [FXGL Background Thread 1 ] DEBUG FileSystemAccess     - Reading from: C:\Users\PizzaNewt\IdeaProjects\juego\system\fxgl.bundle
11:41:05.753 [FXGL Background Thread 1 ] DEBUG SystemBundleService  - Bundle FXGL: {}
11:41:05.753 [FXGL Background Thread 1 ] DEBUG UpdaterService       - Checking for updates
11:41:05.757 [FXGL Background Thread 4 ] DEBUG FXGLApplication      - Loading fonts
11:41:05.757 [FXGL Background Thread 4 ] DEBUG FXGLAssetLoaderServi - Loading from file system: jar:file:///C:/Users/PizzaNewt/.m2/repository/com/github/almasb/fxgl/17.3/fxgl-17.3.jar!/fxglassets/ui/fonts/VarelaRound-Regular.ttf
11:41:05.757 [FXGL Background Thread 1 ] DEBUG FXGLApplication      - Loading default localization
11:41:05.759 [FXGL Background Thread 1 ] DEBUG FXGLAssetLoaderServi - Loading from file system: jar:file:///C:/Users/PizzaNewt/.m2/repository/com/github/almasb/fxgl/17.3/fxgl-17.3.jar!/fxglassets/languages/english.lang
11:41:05.782 [FXGL Background Thread 4 ] DEBUG FXGLAssetLoaderServi - Loading from file system: jar:file:///C:/Users/PizzaNewt/.m2/repository/com/github/almasb/fxgl/17.3/fxgl-17.3.jar!/fxglassets/ui/fonts/Abel-Regular.ttf
11:41:05.783 [FXGL Background Thread 1 ] INFO  FXGLApplication      - FXGL initialization took: 0.573 sec
11:41:05.785 [JavaFX Application Thread] DEBUG FXGLAssetLoaderServi - Loading from file system: jar:file:///C:/Users/PizzaNewt/.m2/repository/com/github/almasb/fxgl/17.3/fxgl-17.3.jar!/fxglassets/textures/fxgl_icon.png
11:41:05.803 [FXGL Background Thread 4 ] DEBUG FXGLAssetLoaderServi - Loading from file system: jar:file:///C:/Users/PizzaNewt/.m2/repository/com/github/almasb/fxgl/17.3/fxgl-17.3.jar!/fxglassets/ui/fonts/TerminalLandMono-Regular.otf
11:41:05.824 [FXGL Background Thread 4 ] DEBUG FXGLAssetLoaderServi - Loading from file system: jar:file:///C:/Users/PizzaNewt/.m2/repository/com/github/almasb/fxgl/17.3/fxgl-17.3.jar!/fxglassets/ui/fonts/Courier-Prime.ttf
11:41:05.828 [JavaFX Application Thread] DEBUG FXGLAssetLoaderServi - Loading from file system: jar:file:///C:/Users/PizzaNewt/.m2/repository/com/github/almasb/fxgl/17.3/fxgl-17.3.jar!/fxglassets/textures/fxgl_default_cursor.png
11:41:05.847 [JavaFX Application Thread] DEBUG Input                - Registered new binding: Screenshot - CTRL+8
11:41:05.847 [JavaFX Application Thread] DEBUG Input                - Registered new binding: System info dump - CTRL+9
11:41:05.848 [JavaFX Application Thread] DEBUG Input                - Registered new binding: Restart - CTRL+R
11:41:05.848 [JavaFX Application Thread] DEBUG Input                - Registered new binding: Toggle Debug Camera - CTRL+7
11:41:05.853 [JavaFX Application Thread] DEBUG LoopRunner           - Starting loop
11:41:05.853 [JavaFX Application Thread] DEBUG LoopRunner           - Initializing JavaFX AnimationTimerLoop
11:41:05.855 [JavaFX Application Thread] DEBUG GameApplicationServi - Starting new game
11:41:05.856 [JavaFX Application Thread] DEBUG Input                - Clearing active input actions
11:41:05.875 [JavaFX Application Thread] DEBUG GameApplicationServi - Removing overlay from FXGLStartupScene and adding to FXGLLoadingScene
11:41:05.875 [JavaFX Application Thread] DEBUG PrimaryStageWindow   - FXGLStartupScene -> FXGLLoadingScene
11:41:05.876 [JavaFX Application Thread] DEBUG GameApplicationServi - Clearing previous game
11:41:05.876 [JavaFX Application Thread] DEBUG GameScene            - Clearing game scene
11:41:05.876 [JavaFX Application Thread] DEBUG GameWorld            - Clearing game world
11:41:05.876 [JavaFX Application Thread] DEBUG PhysicsWorld         - Clearing physics world
11:41:05.878 [JavaFX Application Thread] DEBUG FXGLApplication      - Registering font factories with UI factory
11:41:05.878 [FXGL Background Thread 4 ] DEBUG FXGLApplication      - Initializing game
11:41:05.920 [FXGL Background Thread 4 ] WARN  FXGLAssetLoaderServi - Asset "/assets/textures/simuladorrestaurant/assets/mesero.png" was not found!
11:41:05.920 [FXGL Background Thread 4 ] WARN  FXGLAssetLoaderServi - Failed to load IMAGE
11:41:06.057 [FXGL Background Thread 4 ] WARN  FXGLAssetLoaderServi - Asset "/assets/textures/cocinero.png" was not found!
11:41:06.057 [FXGL Background Thread 4 ] WARN  FXGLAssetLoaderServi - Failed to load IMAGE
11:41:06.063 [FXGL Background Thread 4 ] INFO  FXGLApplication      - Game initialization took: 0.184 sec
11:41:06.110 [JavaFX Application Thread] DEBUG Input                - Clearing active input actions
11:41:06.126 [JavaFX Application Thread] DEBUG GameApplicationServi - Removing overlay from FXGLLoadingScene and adding to GameScene
11:41:06.126 [JavaFX Application Thread] DEBUG PrimaryStageWindow   - FXGLLoadingScene -> GameScene
11:41:06.464 [FXGL Background Thread 2 ] INFO  UpdaterService       - Your current version:  17.3
11:41:06.464 [FXGL Background Thread 2 ] INFO  UpdaterService       - Latest stable version: 21.1
11:41:08.757 [FXGL Background Thread 3 ] DEBUG Engine               - Logging environment variables
11:41:08.757 [FXGL Background Thread 3 ] DEBUG Engine               - achievements: []
11:41:08.757 [FXGL Background Thread 3 ] DEBUG Engine               - actualHeight: 600.0
11:41:08.757 [FXGL Background Thread 3 ] DEBUG Engine               - actualHeightProperty: ReadOnlyDoubleProperty [value: 600.0]
11:41:08.757 [FXGL Background Thread 3 ] DEBUG Engine               - actualWidth: 800.0
11:41:08.757 [FXGL Background Thread 3 ] DEBUG Engine               - actualWidthProperty: ReadOnlyDoubleProperty [value: 800.0]
11:41:08.757 [FXGL Background Thread 3 ] DEBUG Engine               - appIcon: fxgl_icon.png
11:41:08.757 [FXGL Background Thread 3 ] DEBUG Engine               - applicationMode: DEVELOPER
11:41:08.757 [FXGL Background Thread 3 ] DEBUG Engine               - cSSList: [fxgl_dark.css]
11:41:08.757 [FXGL Background Thread 3 ] DEBUG Engine               - collisionDetectionStrategy: BRUTE_FORCE
11:41:08.758 [FXGL Background Thread 3 ] DEBUG Engine               - configClass: Optional.empty
11:41:08.758 [FXGL Background Thread 3 ] DEBUG Engine               - credits: []
11:41:08.758 [FXGL Background Thread 3 ] DEBUG Engine               - defaultCursor: CursorInfo(imageName=fxgl_default_cursor.png, hotspotX=7.0, hotspotY=6.0)
11:41:08.758 [FXGL Background Thread 3 ] DEBUG Engine               - devBBoxColorProperty: ObjectProperty [value: 0xff0000ff]
11:41:08.758 [FXGL Background Thread 3 ] DEBUG Engine               - devEnableDebugCameraProperty: BooleanProperty [value: false]
11:41:08.758 [FXGL Background Thread 3 ] DEBUG Engine               - devSensorColorProperty: ObjectProperty [value: 0xffff00ff]
11:41:08.758 [FXGL Background Thread 3 ] DEBUG Engine               - devShowBBoxProperty: BooleanProperty [value: false]
11:41:08.759 [FXGL Background Thread 3 ] DEBUG Engine               - devShowPositionProperty: BooleanProperty [value: false]
11:41:08.759 [FXGL Background Thread 3 ] DEBUG Engine               - enabledMenuItems: []
11:41:08.759 [FXGL Background Thread 3 ] DEBUG Engine               - engineServices: [class com.almasb.fxgl.app.services.FXGLAssetLoaderService, class com.almasb.fxgl.app.FXGLApplication$GameApplicationService, class com.almasb.fxgl.app.services.FXGLDialogService, class com.almasb.fxgl.app.services.IOTaskExecutorService, class com.almasb.fxgl.io.FileSystemService, class com.almasb.fxgl.localization.LocalizationService, class com.almasb.fxgl.app.services.SystemBundleService, class com.almasb.fxgl.profile.SaveLoadService, class com.almasb.fxgl.ui.FXGLUIFactoryServiceProvider, class com.almasb.fxgl.ui.FXGLDialogFactoryServiceProvider, class com.almasb.fxgl.audio.AudioPlayer, class com.almasb.fxgl.notification.impl.NotificationServiceProvider, class com.almasb.fxgl.achievement.AchievementService, class com.almasb.fxgl.cutscene.CutsceneService, class com.almasb.fxgl.minigames.MiniGameService, class com.almasb.fxgl.net.NetService, class com.almasb.fxgl.app.services.UpdaterService, class com.almasb.fxgl.dev.DevService]
11:41:08.759 [FXGL Background Thread 3 ] DEBUG Engine               - fontGame: Abel-Regular.ttf
11:41:08.759 [FXGL Background Thread 3 ] DEBUG Engine               - fontMono: TerminalLandMono-Regular.otf
11:41:08.759 [FXGL Background Thread 3 ] DEBUG Engine               - fontSizeScaleUI: 1.0
11:41:08.759 [FXGL Background Thread 3 ] DEBUG Engine               - fontText: Courier-Prime.ttf
11:41:08.759 [FXGL Background Thread 3 ] DEBUG Engine               - fontUI: VarelaRound-Regular.ttf
11:41:08.759 [FXGL Background Thread 3 ] DEBUG Engine               - fullScreen: BooleanProperty [value: false]
11:41:08.759 [FXGL Background Thread 3 ] DEBUG Engine               - gameDifficulty: MEDIUM
11:41:08.759 [FXGL Background Thread 3 ] DEBUG Engine               - gameDifficultyProperty: ObjectProperty [value: MEDIUM]
11:41:08.759 [FXGL Background Thread 3 ] DEBUG Engine               - globalMusicVolume: 0.5
11:41:08.759 [FXGL Background Thread 3 ] DEBUG Engine               - globalMusicVolumeProperty: DoubleProperty [value: 0.5]
11:41:08.759 [FXGL Background Thread 3 ] DEBUG Engine               - globalSoundVolume: 0.5
11:41:08.759 [FXGL Background Thread 3 ] DEBUG Engine               - globalSoundVolumeProperty: DoubleProperty [value: 0.5]
11:41:08.759 [FXGL Background Thread 3 ] DEBUG Engine               - height: 600
11:41:08.759 [FXGL Background Thread 3 ] DEBUG Engine               - is3D: false
11:41:08.759 [FXGL Background Thread 3 ] DEBUG Engine               - isAndroid: false
11:41:08.759 [FXGL Background Thread 3 ] DEBUG Engine               - isBrowser: false
11:41:08.759 [FXGL Background Thread 3 ] DEBUG Engine               - isClickFeedbackEnabled: false
11:41:08.759 [FXGL Background Thread 3 ] DEBUG Engine               - isCloseConfirmation: false
11:41:08.759 [FXGL Background Thread 3 ] DEBUG Engine               - isDesktop: true
11:41:08.759 [FXGL Background Thread 3 ] DEBUG Engine               - isDeveloperMenuEnabled: false
11:41:08.761 [FXGL Background Thread 3 ] DEBUG Engine               - isEmbedded: false
11:41:08.761 [FXGL Background Thread 3 ] DEBUG Engine               - isEntityPreloadEnabled: true
11:41:08.761 [FXGL Background Thread 3 ] DEBUG Engine               - isExperimentalTiledLargeMap: false
11:41:08.761 [FXGL Background Thread 3 ] DEBUG Engine               - isFileSystemWriteAllowed: true
11:41:08.761 [FXGL Background Thread 3 ] DEBUG Engine               - isFullScreenAllowed: false
11:41:08.761 [FXGL Background Thread 3 ] DEBUG Engine               - isFullScreenFromStart: false
11:41:08.761 [FXGL Background Thread 3 ] DEBUG Engine               - isGameMenuEnabled: true
11:41:08.761 [FXGL Background Thread 3 ] DEBUG Engine               - isIOS: false
11:41:08.761 [FXGL Background Thread 3 ] DEBUG Engine               - isIntroEnabled: false
11:41:08.761 [FXGL Background Thread 3 ] DEBUG Engine               - isLinux: false
11:41:08.761 [FXGL Background Thread 3 ] DEBUG Engine               - isMac: false
11:41:08.761 [FXGL Background Thread 3 ] DEBUG Engine               - isMainMenuEnabled: false
11:41:08.761 [FXGL Background Thread 3 ] DEBUG Engine               - isManualResizeEnabled: false
11:41:08.761 [FXGL Background Thread 3 ] DEBUG Engine               - isMobile: false
11:41:08.761 [FXGL Background Thread 3 ] DEBUG Engine               - isNative: false
11:41:08.761 [FXGL Background Thread 3 ] DEBUG Engine               - isPauseMusicWhenMinimized: true
11:41:08.762 [FXGL Background Thread 3 ] DEBUG Engine               - isPreserveResizeRatio: false
11:41:08.762 [FXGL Background Thread 3 ] DEBUG Engine               - isProfilingEnabled: false
11:41:08.762 [FXGL Background Thread 3 ] DEBUG Engine               - isScaleAffectedOnResize: true
11:41:08.762 [FXGL Background Thread 3 ] DEBUG Engine               - isSingleStep: false
11:41:08.762 [FXGL Background Thread 3 ] DEBUG Engine               - isUserProfileEnabled: false
11:41:08.762 [FXGL Background Thread 3 ] DEBUG Engine               - isWindows: true
11:41:08.762 [FXGL Background Thread 3 ] DEBUG Engine               - language: ObjectProperty [value: ENGLISH]
11:41:08.762 [FXGL Background Thread 3 ] DEBUG Engine               - menuKey: ESCAPE
11:41:08.762 [FXGL Background Thread 3 ] DEBUG Engine               - mouseSensitivity: 0.2
11:41:08.762 [FXGL Background Thread 3 ] DEBUG Engine               - notificationViewClass: class com.almasb.fxgl.notification.view.XboxNotificationView
11:41:08.762 [FXGL Background Thread 3 ] DEBUG Engine               - pixelsPerMeter: 50.0
11:41:08.762 [FXGL Background Thread 3 ] DEBUG Engine               - platform: WINDOWS
11:41:08.762 [FXGL Background Thread 3 ] DEBUG Engine               - prefHeightProperty: ReadOnlyDoubleProperty [value: 600.0]
11:41:08.762 [FXGL Background Thread 3 ] DEBUG Engine               - prefWidthProperty: ReadOnlyDoubleProperty [value: 800.0]
11:41:08.762 [FXGL Background Thread 3 ] DEBUG Engine               - profileDir: profiles/
11:41:08.762 [FXGL Background Thread 3 ] DEBUG Engine               - profileName: StringProperty [value: DEFAULT]
11:41:08.762 [FXGL Background Thread 3 ] DEBUG Engine               - randomSeed: -1
11:41:08.763 [FXGL Background Thread 3 ] DEBUG Engine               - runtimeInfo: RuntimeInfo(platform=WINDOWS, version=17.3, build=30.03.2023 11.49)
11:41:08.763 [FXGL Background Thread 3 ] DEBUG Engine               - saveFileExt: sav
11:41:08.763 [FXGL Background Thread 3 ] DEBUG Engine               - scaledHeightProp$fxgl: DoubleProperty [bound, value: 600.0]
11:41:08.763 [FXGL Background Thread 3 ] DEBUG Engine               - scaledWidthProp$fxgl: DoubleProperty [bound, value: 800.0]
11:41:08.763 [FXGL Background Thread 3 ] DEBUG Engine               - sceneFactory: com.almasb.fxgl.app.scene.SceneFactory@18bf2c41
11:41:08.763 [FXGL Background Thread 3 ] DEBUG Engine               - secondsIn24h: 60
11:41:08.763 [FXGL Background Thread 3 ] DEBUG Engine               - soundMenuBack: menu/back.wav
11:41:08.763 [FXGL Background Thread 3 ] DEBUG Engine               - soundMenuPress: menu/press.wav
11:41:08.763 [FXGL Background Thread 3 ] DEBUG Engine               - soundMenuSelect: menu/select.wav
11:41:08.763 [FXGL Background Thread 3 ] DEBUG Engine               - soundNotification: core/notification.wav
11:41:08.763 [FXGL Background Thread 3 ] DEBUG Engine               - stageStyle: DECORATED
11:41:08.763 [FXGL Background Thread 3 ] DEBUG Engine               - supportedLanguages: [ENGLISH, FRENCH, GERMAN, HUNGARIAN, RUSSIAN]
11:41:08.763 [FXGL Background Thread 3 ] DEBUG Engine               - ticksPerSecond: -1
11:41:08.763 [FXGL Background Thread 3 ] DEBUG Engine               - title: Simulador de Restaurante
11:41:08.764 [FXGL Background Thread 3 ] DEBUG Engine               - urlGithub: https://github.com/AlmasB/FXGL
11:41:08.764 [FXGL Background Thread 3 ] DEBUG Engine               - urlLeaderboard: http://fxgl-top.herokuapp.com/
11:41:08.764 [FXGL Background Thread 3 ] DEBUG Engine               - urlPOM: https://raw.githubusercontent.com/AlmasB/FXGL/release/README.md
11:41:08.764 [FXGL Background Thread 3 ] DEBUG Engine               - userAppClass: class simuladorrestaurant.ui.RestaurantUI
11:41:08.764 [FXGL Background Thread 3 ] DEBUG Engine               - version: 1.0
11:41:08.764 [FXGL Background Thread 3 ] DEBUG Engine               - versionCheckDays: 7
11:41:08.764 [FXGL Background Thread 3 ] DEBUG Engine               - width: 800
11:41:08.764 [FXGL Background Thread 3 ] DEBUG Engine               - Logging services
11:41:08.764 [FXGL Background Thread 3 ] DEBUG Engine               - class com.almasb.fxgl.app.services.FXGLAssetLoaderService
11:41:08.764 [FXGL Background Thread 3 ] DEBUG Engine               - class com.almasb.fxgl.app.FXGLApplication$GameApplicationService
11:41:08.764 [FXGL Background Thread 3 ] DEBUG Engine               - class com.almasb.fxgl.app.services.FXGLDialogService
11:41:08.764 [FXGL Background Thread 3 ] DEBUG Engine               - class com.almasb.fxgl.app.services.IOTaskExecutorService
11:41:08.764 [FXGL Background Thread 3 ] DEBUG Engine               - class com.almasb.fxgl.io.FileSystemService
11:41:08.764 [FXGL Background Thread 3 ] DEBUG Engine               - class com.almasb.fxgl.localization.LocalizationService
11:41:08.764 [FXGL Background Thread 3 ] DEBUG Engine               - class com.almasb.fxgl.app.services.SystemBundleService
11:41:08.764 [FXGL Background Thread 3 ] DEBUG Engine               - class com.almasb.fxgl.profile.SaveLoadService
11:41:08.764 [FXGL Background Thread 3 ] DEBUG Engine               - class com.almasb.fxgl.ui.FXGLUIFactoryServiceProvider
11:41:08.764 [FXGL Background Thread 3 ] DEBUG Engine               - class com.almasb.fxgl.ui.FXGLDialogFactoryServiceProvider
11:41:08.764 [FXGL Background Thread 3 ] DEBUG Engine               - class com.almasb.fxgl.audio.AudioPlayer
11:41:08.765 [FXGL Background Thread 3 ] DEBUG Engine               - class com.almasb.fxgl.notification.impl.NotificationServiceProvider
11:41:08.765 [FXGL Background Thread 3 ] DEBUG Engine               - class com.almasb.fxgl.achievement.AchievementService
11:41:08.765 [FXGL Background Thread 3 ] DEBUG Engine               - class com.almasb.fxgl.cutscene.CutsceneService
11:41:08.765 [FXGL Background Thread 3 ] DEBUG Engine               - class com.almasb.fxgl.minigames.MiniGameService
11:41:08.765 [FXGL Background Thread 3 ] DEBUG Engine               - class com.almasb.fxgl.net.NetService
11:41:08.765 [FXGL Background Thread 3 ] DEBUG Engine               - class com.almasb.fxgl.app.services.UpdaterService
11:41:08.765 [FXGL Background Thread 3 ] DEBUG Engine               - class com.almasb.fxgl.dev.DevService
11:41:10.856 [JavaFX Application Thread] WARN  FXGLAssetLoaderServi - Asset "/assets/textures/comensal.png" was not found!
11:41:10.857 [JavaFX Application Thread] WARN  FXGLAssetLoaderServi - Failed to load IMAGE
11:41:15.896 [JavaFX Application Thread] WARN  FXGLAssetLoaderServi - Asset "/assets/textures/comensal.png" was not found!
11:41:15.896 [JavaFX Application Thread] WARN  FXGLAssetLoaderServi - Failed to load IMAGE
11:41:19.599 [JavaFX Application Thread] DEBUG FXGLApplication      - Exiting FXGL
11:41:19.600 [JavaFX Application Thread] DEBUG LoopRunner           - Stopping loop
11:41:19.600 [JavaFX Application Thread] DEBUG SystemBundleService  - Saving FXGL system data
11:41:19.601 [JavaFX Application Thread] DEBUG FileSystemAccess     - Writing to: C:\Users\PizzaNewt\IdeaProjects\juego\system\fxgl.bundle
11:41:19.603 [JavaFX Application Thread] DEBUG Async                - Shutting down background threads
11:41:19.603 [JavaFX Application Thread] DEBUG PrimaryStageWindow   - Closing main window
11:41:19.631 [JavaFX Application Thread] DEBUG Logger               - Closing Logger
