13:37:18.201 [main                     ] DEBUG Logger               - Configured Logger
13:37:18.246 [main                     ] DEBUG GameApplication      - Logging settings
Title: Simulador de Restaurante
Version: 1.0
Width: 800
Height: 600
Fullscreen: false
Intro: false
Profiling: false
Single step:false
App Mode: DEVELOPER
Menu Key: ESCAPE
Stage Style: DECORATED
Scene Factory: class com.almasb.fxgl.app.scene.SceneFactory

13:37:18.735 [JavaFX Application Thread] DEBUG FXGLApplication      - Initializing FXGL
13:37:18.745 [JavaFX Application Thread] INFO  Engine               - FXGL-17.3 (30.03.2023 11.49) on LINUX (J:17.0.13 FX:17.0.6)
13:37:18.746 [JavaFX Application Thread] DEBUG Engine               - JRE Vendor Name: Red Hat, Inc.
13:37:18.747 [JavaFX Application Thread] DEBUG Engine               - Running on OS: Linux version 6.11.10-300.fc41.x86_64
13:37:18.747 [JavaFX Application Thread] DEBUG Engine               - Architecture: amd64
13:37:18.747 [JavaFX Application Thread] INFO  Engine               - Source code and latest versions at: https://github.com/AlmasB/FXGL
13:37:18.748 [JavaFX Application Thread] INFO  Engine               -       Ask questions and discuss at: https://github.com/AlmasB/FXGL/discussions
13:37:18.748 [JavaFX Application Thread] INFO  Engine               -              Join the FXGL chat at: https://gitter.im/AlmasB/FXGL
13:37:18.860 [JavaFX Application Thread] DEBUG PrimaryStageWindow   - Creating a JavaFX scene
13:37:18.966 [JavaFX Application Thread] DEBUG PrimaryStageWindow   - Target settings size: 800.0 x 600.0
13:37:18.966 [JavaFX Application Thread] DEBUG PrimaryStageWindow   - Scaled scene size:    800.0 x 600.0
13:37:18.967 [JavaFX Application Thread] DEBUG PrimaryStageWindow   - Scaled ratio: (1.0, 1.0)
13:37:18.968 [JavaFX Application Thread] DEBUG PrimaryStageWindow   - Set initial scene to FXGLStartupScene
13:37:18.976 [JavaFX Application Thread] DEBUG PrimaryStageWindow   - Opening main window
13:37:19.028 [JavaFX Application Thread] DEBUG PrimaryStageWindow   - Window border size: (2.0, 29.0)
13:37:19.028 [JavaFX Application Thread] DEBUG PrimaryStageWindow   - Scaled size: 800.0 x 600.0
13:37:19.029 [JavaFX Application Thread] DEBUG PrimaryStageWindow   - Scaled ratio: (1.0, 1.0)
13:37:19.029 [JavaFX Application Thread] DEBUG PrimaryStageWindow   - Scene size: 800.0 x 600.0
13:37:19.029 [JavaFX Application Thread] DEBUG PrimaryStageWindow   - Stage size: 802.0 x 629.0
13:37:19.035 [FXGL Background Thread 1 ] DEBUG Engine               - Initializing environment variables
13:37:19.067 [FXGL Background Thread 1 ] DEBUG FXGLAssetLoaderServi - User app class for loading assets: class simuladorrestaurant.ui.RestaurantUI
13:37:19.067 [FXGL Background Thread 1 ] DEBUG GameApplicationServi - Applying CSS: fxgl_dark.css
13:37:19.068 [FXGL Background Thread 1 ] DEBUG FXGLAssetLoaderServi - Loading from file system: jar:file:///home/jh532004/.m2/repository/com/github/almasb/fxgl/17.3/fxgl-17.3.jar!/fxglassets/ui/css/fxgl_dark.css
13:37:19.126 [FXGL Background Thread 1 ] DEBUG GameApplicationServi - Initializing application scenes
13:37:19.180 [FXGL Background Thread 1 ] DEBUG GameWorld            - Game world initialized
13:37:19.258 [FXGL Background Thread 1 ] DEBUG PhysicsWorld         - Physics world initialized: appHeight=600, physics.ppm=50.0
13:37:19.258 [FXGL Background Thread 1 ] DEBUG PhysicsWorld         - Using strategy: BRUTE_FORCE
13:37:19.263 [FXGL Background Thread 1 ] DEBUG GameScene            - Game scene initialized: 800x600
13:37:19.280 [FXGL Background Thread 1 ] DEBUG FXGL.DefaultMenu     - createMenuBodyGameMenu()
13:37:19.297 [FXGL Background Thread 1 ] DEBUG FXGL.DefaultMenu     - createOptionsMenu()
13:37:19.310 [FXGL Background Thread 1 ] DEBUG FXGLAssetLoaderServi - Loading from file system: jar:file:///home/jh532004/.m2/repository/com/github/almasb/fxgl/17.3/fxgl-17.3.jar!/fxglassets/textures/particles/smoke.png
13:37:19.445 [FXGL Background Thread 1 ] DEBUG FXGLAssetLoaderServi - Loading from file system: jar:file:///home/jh532004/.m2/repository/com/github/almasb/fxgl/17.3/fxgl-17.3.jar!/fxglassets/textures/particles/trace_horizontal.png
13:37:19.489 [FXGL Background Thread 1 ] DEBUG GameApplicationServi - Application scenes initialized
13:37:19.504 [FXGL Background Thread 1 ] DEBUG SystemBundleService  - Loading FXGL system data
13:37:19.507 [FXGL Background Thread 1 ] DEBUG FileSystemAccess     - Reading from: /home/jh532004/IdeaProjects/proyectoC3/system/fxgl.bundle
13:37:19.512 [FXGL Background Thread 1 ] DEBUG SystemBundleService  - Bundle FXGL: {}
13:37:19.512 [FXGL Background Thread 1 ] DEBUG UpdaterService       - Checking for updates
13:37:19.518 [FXGL Background Thread 4 ] DEBUG FXGLApplication      - Loading fonts
13:37:19.519 [FXGL Background Thread 4 ] DEBUG FXGLAssetLoaderServi - Loading from file system: jar:file:///home/jh532004/.m2/repository/com/github/almasb/fxgl/17.3/fxgl-17.3.jar!/fxglassets/ui/fonts/VarelaRound-Regular.ttf
13:37:19.519 [FXGL Background Thread 1 ] DEBUG FXGLApplication      - Loading default localization
13:37:19.520 [FXGL Background Thread 1 ] DEBUG FXGLAssetLoaderServi - Loading from file system: jar:file:///home/jh532004/.m2/repository/com/github/almasb/fxgl/17.3/fxgl-17.3.jar!/fxglassets/languages/english.lang
13:37:19.529 [FXGL Background Thread 4 ] DEBUG FXGLAssetLoaderServi - Loading from file system: jar:file:///home/jh532004/.m2/repository/com/github/almasb/fxgl/17.3/fxgl-17.3.jar!/fxglassets/ui/fonts/Abel-Regular.ttf
13:37:19.532 [FXGL Background Thread 4 ] DEBUG FXGLAssetLoaderServi - Loading from file system: jar:file:///home/jh532004/.m2/repository/com/github/almasb/fxgl/17.3/fxgl-17.3.jar!/fxglassets/ui/fonts/TerminalLandMono-Regular.otf
13:37:19.535 [FXGL Background Thread 4 ] DEBUG FXGLAssetLoaderServi - Loading from file system: jar:file:///home/jh532004/.m2/repository/com/github/almasb/fxgl/17.3/fxgl-17.3.jar!/fxglassets/ui/fonts/Courier-Prime.ttf
13:37:19.541 [JavaFX Application Thread] DEBUG FXGLApplication      - Registering font factories with UI factory
13:37:19.545 [FXGL Background Thread 1 ] INFO  FXGLApplication      - FXGL initialization took: 0.510 sec
13:37:19.547 [JavaFX Application Thread] DEBUG FXGLAssetLoaderServi - Loading from file system: jar:file:///home/jh532004/.m2/repository/com/github/almasb/fxgl/17.3/fxgl-17.3.jar!/fxglassets/textures/fxgl_icon.png
13:37:19.584 [JavaFX Application Thread] DEBUG FXGLAssetLoaderServi - Loading from file system: jar:file:///home/jh532004/.m2/repository/com/github/almasb/fxgl/17.3/fxgl-17.3.jar!/fxglassets/textures/fxgl_default_cursor.png
13:37:19.599 [JavaFX Application Thread] DEBUG Input                - Registered new binding: Screenshot - CTRL+8
13:37:19.599 [JavaFX Application Thread] DEBUG Input                - Registered new binding: System info dump - CTRL+9
13:37:19.600 [JavaFX Application Thread] DEBUG Input                - Registered new binding: Restart - CTRL+R
13:37:19.600 [JavaFX Application Thread] DEBUG Input                - Registered new binding: Toggle Debug Camera - CTRL+7
13:37:19.604 [JavaFX Application Thread] DEBUG LoopRunner           - Starting loop
13:37:19.604 [JavaFX Application Thread] DEBUG LoopRunner           - Initializing JavaFX AnimationTimerLoop
13:37:19.615 [JavaFX Application Thread] DEBUG GameApplicationServi - Starting new game
13:37:19.616 [JavaFX Application Thread] DEBUG Input                - Clearing active input actions
13:37:19.635 [JavaFX Application Thread] DEBUG GameApplicationServi - Removing overlay from FXGLStartupScene and adding to FXGLLoadingScene
13:37:19.636 [JavaFX Application Thread] DEBUG PrimaryStageWindow   - FXGLStartupScene -> FXGLLoadingScene
13:37:19.637 [JavaFX Application Thread] DEBUG GameApplicationServi - Clearing previous game
13:37:19.637 [JavaFX Application Thread] DEBUG GameScene            - Clearing game scene
13:37:19.637 [JavaFX Application Thread] DEBUG GameWorld            - Clearing game world
13:37:19.637 [JavaFX Application Thread] DEBUG PhysicsWorld         - Clearing physics world
13:37:19.640 [FXGL Background Thread 1 ] DEBUG FXGLApplication      - Initializing game
13:37:19.785 [JavaFX Application Thread] DEBUG LoopRunner           - Stopping loop
13:37:19.787 [JavaFX Application Thread] FATAL FXGLApplication      - Uncaught Exception:
java.lang.RuntimeException: Initialization failed
	at com.almasb.fxgl.all@17.3/com.almasb.fxgl.app.FXGLApplication$InitAppTask.failed(FXGLApplication.kt:343)
	at javafx.graphics/javafx.concurrent.Task.setState(Task.java:710)
	at javafx.graphics/javafx.concurrent.Task$TaskCallable.lambda$call$2(Task.java:1456)
	at javafx.graphics/com.sun.javafx.application.PlatformImpl.lambda$runLater$10(PlatformImpl.java:457)
	at java.base/java.security.AccessController.doPrivileged(AccessController.java:399)
	at javafx.graphics/com.sun.javafx.application.PlatformImpl.lambda$runLater$11(PlatformImpl.java:456)
	at javafx.graphics/com.sun.glass.ui.InvokeLaterDispatcher$Future.run(InvokeLaterDispatcher.java:96)
	at javafx.graphics/com.sun.glass.ui.gtk.GtkApplication._runLoop(Native Method)
	at javafx.graphics/com.sun.glass.ui.gtk.GtkApplication.lambda$runLoop$11(GtkApplication.java:290)
	at java.base/java.lang.Thread.run(Thread.java:840)
Caused by: java.lang.NullPointerException: Cannot invoke "simuladorrestaurant.util.EntidadManager.registrarEntidad(String, com.almasb.fxgl.entity.Entity)" because "this.entidadManager" is null
	at simuladorrestaurant/simuladorrestaurant.ui.RestaurantEntityFactory.createMesero(RestaurantEntityFactory.java:113)
	at simuladorrestaurant/simuladorrestaurant.util.EntidadManager.crearEntidadGrafica(EntidadManager.java:47)
	at simuladorrestaurant/simuladorrestaurant.logica.Restaurant.crearEntidadLogica(Restaurant.java:83)
	at simuladorrestaurant/simuladorrestaurant.logica.Restaurant.<init>(Restaurant.java:60)
	at simuladorrestaurant/simuladorrestaurant.ui.RestaurantUI.initGame(RestaurantUI.java:93)
	at com.almasb.fxgl.all@17.3/com.almasb.fxgl.app.FXGLApplication$InitAppTask.initGame(FXGLApplication.kt:339)
	at com.almasb.fxgl.all@17.3/com.almasb.fxgl.app.FXGLApplication$InitAppTask.call(FXGLApplication.kt:319)
	at com.almasb.fxgl.all@17.3/com.almasb.fxgl.app.FXGLApplication$InitAppTask.call(FXGLApplication.kt:311)
	at javafx.graphics/javafx.concurrent.Task$TaskCallable.call(Task.java:1426)
	at java.base/java.util.concurrent.FutureTask.run(FutureTask.java:264)
	at java.base/java.util.concurrent.Executors$RunnableAdapter.call(Executors.java:539)
	at java.base/java.util.concurrent.FutureTask.run(FutureTask.java:264)
	at java.base/java.util.concurrent.ThreadPoolExecutor.runWorker(ThreadPoolExecutor.java:1136)
	at java.base/java.util.concurrent.ThreadPoolExecutor$Worker.run(ThreadPoolExecutor.java:635)
	... 1 more

13:37:19.787 [JavaFX Application Thread] FATAL FXGLApplication      - Application will now exit
13:37:19.817 [JavaFX Application Thread] DEBUG PrimaryStageWindow   - Push state: ErrorSubScene
13:37:19.818 [JavaFX Application Thread] DEBUG Input                - Clearing active input actions
13:37:19.823 [JavaFX Application Thread] DEBUG GameApplicationServi - Removing overlay from FXGLLoadingScene and adding to ErrorSubScene
13:37:19.824 [JavaFX Application Thread] DEBUG PrimaryStageWindow   - FXGLLoadingScene -> ErrorSubScene
13:37:20.601 [FXGL Background Thread 2 ] INFO  UpdaterService       - Your current version:  17.3
13:37:20.601 [FXGL Background Thread 2 ] INFO  UpdaterService       - Latest stable version: 21.1
13:37:22.516 [FXGL Background Thread 3 ] DEBUG Engine               - Logging environment variables
13:37:22.517 [FXGL Background Thread 3 ] DEBUG Engine               - achievements: []
13:37:22.518 [FXGL Background Thread 3 ] DEBUG Engine               - actualHeight: 571.0
13:37:22.518 [FXGL Background Thread 3 ] DEBUG Engine               - actualHeightProperty: ReadOnlyDoubleProperty [value: 615.0]
13:37:22.518 [FXGL Background Thread 3 ] DEBUG Engine               - actualWidth: 798.0
13:37:22.518 [FXGL Background Thread 3 ] DEBUG Engine               - actualWidthProperty: ReadOnlyDoubleProperty [value: 806.0]
13:37:22.519 [FXGL Background Thread 3 ] DEBUG Engine               - appIcon: fxgl_icon.png
13:37:22.519 [FXGL Background Thread 3 ] DEBUG Engine               - applicationMode: DEVELOPER
13:37:22.519 [FXGL Background Thread 3 ] DEBUG Engine               - cSSList: [fxgl_dark.css]
13:37:22.519 [FXGL Background Thread 3 ] DEBUG Engine               - collisionDetectionStrategy: BRUTE_FORCE
13:37:22.519 [FXGL Background Thread 3 ] DEBUG Engine               - configClass: Optional.empty
13:37:22.519 [FXGL Background Thread 3 ] DEBUG Engine               - credits: []
13:37:22.520 [FXGL Background Thread 3 ] DEBUG Engine               - defaultCursor: CursorInfo(imageName=fxgl_default_cursor.png, hotspotX=7.0, hotspotY=6.0)
13:37:22.520 [FXGL Background Thread 3 ] DEBUG Engine               - devBBoxColorProperty: ObjectProperty [value: 0xff0000ff]
13:37:22.520 [FXGL Background Thread 3 ] DEBUG Engine               - devEnableDebugCameraProperty: BooleanProperty [value: false]
13:37:22.520 [FXGL Background Thread 3 ] DEBUG Engine               - devSensorColorProperty: ObjectProperty [value: 0xffff00ff]
13:37:22.521 [FXGL Background Thread 3 ] DEBUG Engine               - devShowBBoxProperty: BooleanProperty [value: false]
13:37:22.521 [FXGL Background Thread 3 ] DEBUG Engine               - devShowPositionProperty: BooleanProperty [value: false]
13:37:22.521 [FXGL Background Thread 3 ] DEBUG Engine               - enabledMenuItems: []
13:37:22.521 [FXGL Background Thread 3 ] DEBUG Engine               - engineServices: [class com.almasb.fxgl.app.services.FXGLAssetLoaderService, class com.almasb.fxgl.app.FXGLApplication$GameApplicationService, class com.almasb.fxgl.app.services.FXGLDialogService, class com.almasb.fxgl.app.services.IOTaskExecutorService, class com.almasb.fxgl.io.FileSystemService, class com.almasb.fxgl.localization.LocalizationService, class com.almasb.fxgl.app.services.SystemBundleService, class com.almasb.fxgl.profile.SaveLoadService, class com.almasb.fxgl.ui.FXGLUIFactoryServiceProvider, class com.almasb.fxgl.ui.FXGLDialogFactoryServiceProvider, class com.almasb.fxgl.audio.AudioPlayer, class com.almasb.fxgl.notification.impl.NotificationServiceProvider, class com.almasb.fxgl.achievement.AchievementService, class com.almasb.fxgl.cutscene.CutsceneService, class com.almasb.fxgl.minigames.MiniGameService, class com.almasb.fxgl.net.NetService, class com.almasb.fxgl.app.services.UpdaterService, class com.almasb.fxgl.dev.DevService]
13:37:22.521 [FXGL Background Thread 3 ] DEBUG Engine               - fontGame: Abel-Regular.ttf
13:37:22.521 [FXGL Background Thread 3 ] DEBUG Engine               - fontMono: TerminalLandMono-Regular.otf
13:37:22.521 [FXGL Background Thread 3 ] DEBUG Engine               - fontSizeScaleUI: 1.0
13:37:22.521 [FXGL Background Thread 3 ] DEBUG Engine               - fontText: Courier-Prime.ttf
13:37:22.522 [FXGL Background Thread 3 ] DEBUG Engine               - fontUI: VarelaRound-Regular.ttf
13:37:22.522 [FXGL Background Thread 3 ] DEBUG Engine               - fullScreen: BooleanProperty [value: false]
13:37:22.522 [FXGL Background Thread 3 ] DEBUG Engine               - gameDifficulty: MEDIUM
13:37:22.522 [FXGL Background Thread 3 ] DEBUG Engine               - gameDifficultyProperty: ObjectProperty [value: MEDIUM]
13:37:22.522 [FXGL Background Thread 3 ] DEBUG Engine               - globalMusicVolume: 0.5
13:37:22.522 [FXGL Background Thread 3 ] DEBUG Engine               - globalMusicVolumeProperty: DoubleProperty [value: 0.5]
13:37:22.522 [FXGL Background Thread 3 ] DEBUG Engine               - globalSoundVolume: 0.5
13:37:22.522 [FXGL Background Thread 3 ] DEBUG Engine               - globalSoundVolumeProperty: DoubleProperty [value: 0.5]
13:37:22.523 [FXGL Background Thread 3 ] DEBUG Engine               - height: 600
13:37:22.523 [FXGL Background Thread 3 ] DEBUG Engine               - is3D: false
13:37:22.523 [FXGL Background Thread 3 ] DEBUG Engine               - isAndroid: false
13:37:22.523 [FXGL Background Thread 3 ] DEBUG Engine               - isBrowser: false
13:37:22.523 [FXGL Background Thread 3 ] DEBUG Engine               - isClickFeedbackEnabled: false
13:37:22.523 [FXGL Background Thread 3 ] DEBUG Engine               - isCloseConfirmation: false
13:37:22.523 [FXGL Background Thread 3 ] DEBUG Engine               - isDesktop: true
13:37:22.523 [FXGL Background Thread 3 ] DEBUG Engine               - isDeveloperMenuEnabled: false
13:37:22.523 [FXGL Background Thread 3 ] DEBUG Engine               - isEmbedded: false
13:37:22.523 [FXGL Background Thread 3 ] DEBUG Engine               - isEntityPreloadEnabled: true
13:37:22.524 [FXGL Background Thread 3 ] DEBUG Engine               - isExperimentalTiledLargeMap: false
13:37:22.524 [FXGL Background Thread 3 ] DEBUG Engine               - isFileSystemWriteAllowed: true
13:37:22.524 [FXGL Background Thread 3 ] DEBUG Engine               - isFullScreenAllowed: false
13:37:22.524 [FXGL Background Thread 3 ] DEBUG Engine               - isFullScreenFromStart: false
13:37:22.524 [FXGL Background Thread 3 ] DEBUG Engine               - isGameMenuEnabled: true
13:37:22.524 [FXGL Background Thread 3 ] DEBUG Engine               - isIOS: false
13:37:22.524 [FXGL Background Thread 3 ] DEBUG Engine               - isIntroEnabled: false
13:37:22.524 [FXGL Background Thread 3 ] DEBUG Engine               - isLinux: true
13:37:22.524 [FXGL Background Thread 3 ] DEBUG Engine               - isMac: false
13:37:22.524 [FXGL Background Thread 3 ] DEBUG Engine               - isMainMenuEnabled: false
13:37:22.525 [FXGL Background Thread 3 ] DEBUG Engine               - isManualResizeEnabled: false
13:37:22.525 [FXGL Background Thread 3 ] DEBUG Engine               - isMobile: false
13:37:22.525 [FXGL Background Thread 3 ] DEBUG Engine               - isNative: false
13:37:22.525 [FXGL Background Thread 3 ] DEBUG Engine               - isPauseMusicWhenMinimized: true
13:37:22.525 [FXGL Background Thread 3 ] DEBUG Engine               - isPreserveResizeRatio: false
13:37:22.525 [FXGL Background Thread 3 ] DEBUG Engine               - isProfilingEnabled: false
13:37:22.525 [FXGL Background Thread 3 ] DEBUG Engine               - isScaleAffectedOnResize: true
13:37:22.525 [FXGL Background Thread 3 ] DEBUG Engine               - isSingleStep: false
13:37:22.525 [FXGL Background Thread 3 ] DEBUG Engine               - isUserProfileEnabled: false
13:37:22.526 [FXGL Background Thread 3 ] DEBUG Engine               - isWindows: false
13:37:22.526 [FXGL Background Thread 3 ] DEBUG Engine               - language: ObjectProperty [value: ENGLISH]
13:37:22.526 [FXGL Background Thread 3 ] DEBUG Engine               - menuKey: ESCAPE
13:37:22.526 [FXGL Background Thread 3 ] DEBUG Engine               - mouseSensitivity: 0.2
13:37:22.526 [FXGL Background Thread 3 ] DEBUG Engine               - notificationViewClass: class com.almasb.fxgl.notification.view.XboxNotificationView
13:37:22.526 [FXGL Background Thread 3 ] DEBUG Engine               - pixelsPerMeter: 50.0
13:37:22.526 [FXGL Background Thread 3 ] DEBUG Engine               - platform: LINUX
13:37:22.526 [FXGL Background Thread 3 ] DEBUG Engine               - prefHeightProperty: ReadOnlyDoubleProperty [value: 600.0]
13:37:22.526 [FXGL Background Thread 3 ] DEBUG Engine               - prefWidthProperty: ReadOnlyDoubleProperty [value: 800.0]
13:37:22.526 [FXGL Background Thread 3 ] DEBUG Engine               - profileDir: profiles/
13:37:22.527 [FXGL Background Thread 3 ] DEBUG Engine               - profileName: StringProperty [value: DEFAULT]
13:37:22.527 [FXGL Background Thread 3 ] DEBUG Engine               - randomSeed: -1
13:37:22.527 [FXGL Background Thread 3 ] DEBUG Engine               - runtimeInfo: RuntimeInfo(platform=LINUX, version=17.3, build=30.03.2023 11.49)
13:37:22.527 [FXGL Background Thread 3 ] DEBUG Engine               - saveFileExt: sav
13:37:22.527 [FXGL Background Thread 3 ] DEBUG Engine               - scaledHeightProp$fxgl: DoubleProperty [bound, value: 615.0]
13:37:22.527 [FXGL Background Thread 3 ] DEBUG Engine               - scaledWidthProp$fxgl: DoubleProperty [bound, value: 806.0]
13:37:22.527 [FXGL Background Thread 3 ] DEBUG Engine               - sceneFactory: com.almasb.fxgl.app.scene.SceneFactory@c2e056a
13:37:22.528 [FXGL Background Thread 3 ] DEBUG Engine               - secondsIn24h: 60
13:37:22.528 [FXGL Background Thread 3 ] DEBUG Engine               - soundMenuBack: menu/back.wav
13:37:22.528 [FXGL Background Thread 3 ] DEBUG Engine               - soundMenuPress: menu/press.wav
13:37:22.528 [FXGL Background Thread 3 ] DEBUG Engine               - soundMenuSelect: menu/select.wav
13:37:22.528 [FXGL Background Thread 3 ] DEBUG Engine               - soundNotification: core/notification.wav
13:37:22.528 [FXGL Background Thread 3 ] DEBUG Engine               - stageStyle: DECORATED
13:37:22.528 [FXGL Background Thread 3 ] DEBUG Engine               - supportedLanguages: [ENGLISH, FRENCH, GERMAN, HUNGARIAN, RUSSIAN]
13:37:22.528 [FXGL Background Thread 3 ] DEBUG Engine               - ticksPerSecond: -1
13:37:22.528 [FXGL Background Thread 3 ] DEBUG Engine               - title: Simulador de Restaurante
13:37:22.528 [FXGL Background Thread 3 ] DEBUG Engine               - urlGithub: https://github.com/AlmasB/FXGL
13:37:22.528 [FXGL Background Thread 3 ] DEBUG Engine               - urlLeaderboard: http://fxgl-top.herokuapp.com/
13:37:22.529 [FXGL Background Thread 3 ] DEBUG Engine               - urlPOM: https://raw.githubusercontent.com/AlmasB/FXGL/release/README.md
13:37:22.529 [FXGL Background Thread 3 ] DEBUG Engine               - userAppClass: class simuladorrestaurant.ui.RestaurantUI
13:37:22.529 [FXGL Background Thread 3 ] DEBUG Engine               - version: 1.0
13:37:22.529 [FXGL Background Thread 3 ] DEBUG Engine               - versionCheckDays: 7
13:37:22.529 [FXGL Background Thread 3 ] DEBUG Engine               - width: 800
13:37:22.529 [FXGL Background Thread 3 ] DEBUG Engine               - Logging services
13:37:22.529 [FXGL Background Thread 3 ] DEBUG Engine               - class com.almasb.fxgl.app.services.FXGLAssetLoaderService
13:37:22.529 [FXGL Background Thread 3 ] DEBUG Engine               - class com.almasb.fxgl.app.FXGLApplication$GameApplicationService
13:37:22.530 [FXGL Background Thread 3 ] DEBUG Engine               - class com.almasb.fxgl.app.services.FXGLDialogService
13:37:22.530 [FXGL Background Thread 3 ] DEBUG Engine               - class com.almasb.fxgl.app.services.IOTaskExecutorService
13:37:22.530 [FXGL Background Thread 3 ] DEBUG Engine               - class com.almasb.fxgl.io.FileSystemService
13:37:22.530 [FXGL Background Thread 3 ] DEBUG Engine               - class com.almasb.fxgl.localization.LocalizationService
13:37:22.530 [FXGL Background Thread 3 ] DEBUG Engine               - class com.almasb.fxgl.app.services.SystemBundleService
13:37:22.530 [FXGL Background Thread 3 ] DEBUG Engine               - class com.almasb.fxgl.profile.SaveLoadService
13:37:22.530 [FXGL Background Thread 3 ] DEBUG Engine               - class com.almasb.fxgl.ui.FXGLUIFactoryServiceProvider
13:37:22.530 [FXGL Background Thread 3 ] DEBUG Engine               - class com.almasb.fxgl.ui.FXGLDialogFactoryServiceProvider
13:37:22.530 [FXGL Background Thread 3 ] DEBUG Engine               - class com.almasb.fxgl.audio.AudioPlayer
13:37:22.530 [FXGL Background Thread 3 ] DEBUG Engine               - class com.almasb.fxgl.notification.impl.NotificationServiceProvider
13:37:22.531 [FXGL Background Thread 3 ] DEBUG Engine               - class com.almasb.fxgl.achievement.AchievementService
13:37:22.531 [FXGL Background Thread 3 ] DEBUG Engine               - class com.almasb.fxgl.cutscene.CutsceneService
13:37:22.531 [FXGL Background Thread 3 ] DEBUG Engine               - class com.almasb.fxgl.minigames.MiniGameService
13:37:22.531 [FXGL Background Thread 3 ] DEBUG Engine               - class com.almasb.fxgl.net.NetService
13:37:22.531 [FXGL Background Thread 3 ] DEBUG Engine               - class com.almasb.fxgl.app.services.UpdaterService
13:37:22.531 [FXGL Background Thread 3 ] DEBUG Engine               - class com.almasb.fxgl.dev.DevService
13:37:26.636 [JavaFX Application Thread] DEBUG FXGLApplication      - Exiting FXGL
13:37:26.637 [JavaFX Application Thread] DEBUG Async                - Shutting down background threads
13:37:26.637 [JavaFX Application Thread] DEBUG PrimaryStageWindow   - Closing main window
13:37:26.643 [JavaFX Application Thread] DEBUG Logger               - Closing Logger
