11:46:45.725 [main                     ] DEBUG Logger               - Configured Logger
11:46:45.761 [main                     ] DEBUG GameApplication      - Logging settings
Title: Simulador de Restaurante
Version: 1.0
Width: 800
Height: 600
Fullscreen: false
Intro: false
Profiling: false
Single step:false
App Mode: DEVELOPER
Menu Key: ESCAPE
Stage Style: DECORATED
Scene Factory: class com.almasb.fxgl.app.scene.SceneFactory

11:46:46.328 [JavaFX Application Thread] DEBUG FXGLApplication      - Initializing FXGL
11:46:46.334 [JavaFX Application Thread] INFO  Engine               - FXGL-17.3 (30.03.2023 11.49) on WINDOWS (J:19.0.1 FX:17.0.6)
11:46:46.334 [JavaFX Application Thread] DEBUG Engine               - JRE Vendor Name: Oracle Corporation
11:46:46.335 [JavaFX Application Thread] DEBUG Engine               - Running on OS: Windows 11 version 10.0
11:46:46.335 [JavaFX Application Thread] DEBUG Engine               - Architecture: amd64
11:46:46.335 [JavaFX Application Thread] INFO  Engine               - Source code and latest versions at: https://github.com/AlmasB/FXGL
11:46:46.335 [JavaFX Application Thread] INFO  Engine               -       Ask questions and discuss at: https://github.com/AlmasB/FXGL/discussions
11:46:46.335 [JavaFX Application Thread] INFO  Engine               -              Join the FXGL chat at: https://gitter.im/AlmasB/FXGL
11:46:46.483 [JavaFX Application Thread] DEBUG PrimaryStageWindow   - Creating a JavaFX scene
11:46:46.541 [JavaFX Application Thread] DEBUG PrimaryStageWindow   - Target settings size: 800.0 x 600.0
11:46:46.541 [JavaFX Application Thread] DEBUG PrimaryStageWindow   - Scaled scene size:    800.0 x 600.0
11:46:46.541 [JavaFX Application Thread] DEBUG PrimaryStageWindow   - Scaled ratio: (1.0, 1.0)
11:46:46.543 [JavaFX Application Thread] DEBUG PrimaryStageWindow   - Set initial scene to FXGLStartupScene
11:46:46.554 [JavaFX Application Thread] DEBUG PrimaryStageWindow   - Opening main window
11:46:46.677 [JavaFX Application Thread] DEBUG PrimaryStageWindow   - Window border size: (14.4000244140625, 37.5999755859375)
11:46:46.677 [JavaFX Application Thread] DEBUG PrimaryStageWindow   - Scaled size: 800.0 x 600.0
11:46:46.677 [JavaFX Application Thread] DEBUG PrimaryStageWindow   - Scaled ratio: (1.0, 1.0)
11:46:46.678 [JavaFX Application Thread] DEBUG PrimaryStageWindow   - Scene size: 800.0 x 600.0
11:46:46.679 [JavaFX Application Thread] DEBUG PrimaryStageWindow   - Stage size: 814.4000244140625 x 637.5999755859375
11:46:46.689 [FXGL Background Thread 1 ] DEBUG Engine               - Initializing environment variables
11:46:46.755 [FXGL Background Thread 1 ] DEBUG FXGLAssetLoaderServi - User app class for loading assets: class simuladorrestaurant.ui.RestaurantUI
11:46:46.756 [FXGL Background Thread 1 ] DEBUG GameApplicationServi - Applying CSS: fxgl_dark.css
11:46:46.757 [FXGL Background Thread 1 ] DEBUG FXGLAssetLoaderServi - Loading from file system: jar:file:///C:/Users/PizzaNewt/.m2/repository/com/github/almasb/fxgl/17.3/fxgl-17.3.jar!/fxglassets/ui/css/fxgl_dark.css
11:46:46.820 [FXGL Background Thread 1 ] DEBUG GameApplicationServi - Initializing application scenes
11:46:46.877 [FXGL Background Thread 1 ] DEBUG GameWorld            - Game world initialized
11:46:46.969 [FXGL Background Thread 1 ] DEBUG PhysicsWorld         - Physics world initialized: appHeight=600, physics.ppm=50.0
11:46:46.970 [FXGL Background Thread 1 ] DEBUG PhysicsWorld         - Using strategy: BRUTE_FORCE
11:46:46.976 [FXGL Background Thread 1 ] DEBUG GameScene            - Game scene initialized: 800x600
11:46:46.991 [FXGL Background Thread 1 ] DEBUG FXGL.DefaultMenu     - createMenuBodyGameMenu()
11:46:47.011 [FXGL Background Thread 1 ] DEBUG FXGL.DefaultMenu     - createOptionsMenu()
11:46:47.029 [FXGL Background Thread 1 ] DEBUG FXGLAssetLoaderServi - Loading from file system: jar:file:///C:/Users/PizzaNewt/.m2/repository/com/github/almasb/fxgl/17.3/fxgl-17.3.jar!/fxglassets/textures/particles/smoke.png
11:46:47.172 [FXGL Background Thread 1 ] DEBUG FXGLAssetLoaderServi - Loading from file system: jar:file:///C:/Users/PizzaNewt/.m2/repository/com/github/almasb/fxgl/17.3/fxgl-17.3.jar!/fxglassets/textures/particles/trace_horizontal.png
11:46:47.218 [FXGL Background Thread 1 ] DEBUG GameApplicationServi - Application scenes initialized
11:46:47.237 [FXGL Background Thread 1 ] DEBUG SystemBundleService  - Loading FXGL system data
11:46:47.241 [FXGL Background Thread 1 ] DEBUG FileSystemAccess     - Reading from: C:\Users\PizzaNewt\IdeaProjects\juego\system\fxgl.bundle
11:46:47.246 [FXGL Background Thread 1 ] DEBUG SystemBundleService  - Bundle FXGL: {}
11:46:47.246 [FXGL Background Thread 1 ] DEBUG UpdaterService       - Checking for updates
11:46:47.252 [FXGL Background Thread 4 ] DEBUG FXGLApplication      - Loading fonts
11:46:47.252 [FXGL Background Thread 4 ] DEBUG FXGLAssetLoaderServi - Loading from file system: jar:file:///C:/Users/PizzaNewt/.m2/repository/com/github/almasb/fxgl/17.3/fxgl-17.3.jar!/fxglassets/ui/fonts/VarelaRound-Regular.ttf
11:46:47.252 [FXGL Background Thread 1 ] DEBUG FXGLApplication      - Loading default localization
11:46:47.253 [FXGL Background Thread 1 ] DEBUG FXGLAssetLoaderServi - Loading from file system: jar:file:///C:/Users/PizzaNewt/.m2/repository/com/github/almasb/fxgl/17.3/fxgl-17.3.jar!/fxglassets/languages/english.lang
11:46:47.274 [FXGL Background Thread 1 ] INFO  FXGLApplication      - FXGL initialization took: 0.586 sec
11:46:47.276 [JavaFX Application Thread] DEBUG FXGLAssetLoaderServi - Loading from file system: jar:file:///C:/Users/PizzaNewt/.m2/repository/com/github/almasb/fxgl/17.3/fxgl-17.3.jar!/fxglassets/textures/fxgl_icon.png
11:46:47.288 [FXGL Background Thread 4 ] DEBUG FXGLAssetLoaderServi - Loading from file system: jar:file:///C:/Users/PizzaNewt/.m2/repository/com/github/almasb/fxgl/17.3/fxgl-17.3.jar!/fxglassets/ui/fonts/Abel-Regular.ttf
11:46:47.306 [FXGL Background Thread 4 ] DEBUG FXGLAssetLoaderServi - Loading from file system: jar:file:///C:/Users/PizzaNewt/.m2/repository/com/github/almasb/fxgl/17.3/fxgl-17.3.jar!/fxglassets/ui/fonts/TerminalLandMono-Regular.otf
11:46:47.319 [JavaFX Application Thread] DEBUG FXGLAssetLoaderServi - Loading from file system: jar:file:///C:/Users/PizzaNewt/.m2/repository/com/github/almasb/fxgl/17.3/fxgl-17.3.jar!/fxglassets/textures/fxgl_default_cursor.png
11:46:47.320 [FXGL Background Thread 4 ] DEBUG FXGLAssetLoaderServi - Loading from file system: jar:file:///C:/Users/PizzaNewt/.m2/repository/com/github/almasb/fxgl/17.3/fxgl-17.3.jar!/fxglassets/ui/fonts/Courier-Prime.ttf
11:46:47.337 [JavaFX Application Thread] DEBUG Input                - Registered new binding: Screenshot - CTRL+8
11:46:47.338 [JavaFX Application Thread] DEBUG Input                - Registered new binding: System info dump - CTRL+9
11:46:47.338 [JavaFX Application Thread] DEBUG Input                - Registered new binding: Restart - CTRL+R
11:46:47.339 [JavaFX Application Thread] DEBUG Input                - Registered new binding: Toggle Debug Camera - CTRL+7
11:46:47.343 [JavaFX Application Thread] DEBUG LoopRunner           - Starting loop
11:46:47.343 [JavaFX Application Thread] DEBUG LoopRunner           - Initializing JavaFX AnimationTimerLoop
11:46:47.346 [JavaFX Application Thread] DEBUG GameApplicationServi - Starting new game
11:46:47.347 [JavaFX Application Thread] DEBUG Input                - Clearing active input actions
11:46:47.363 [JavaFX Application Thread] DEBUG GameApplicationServi - Removing overlay from FXGLStartupScene and adding to FXGLLoadingScene
11:46:47.363 [JavaFX Application Thread] DEBUG PrimaryStageWindow   - FXGLStartupScene -> FXGLLoadingScene
11:46:47.364 [JavaFX Application Thread] DEBUG GameApplicationServi - Clearing previous game
11:46:47.364 [JavaFX Application Thread] DEBUG GameScene            - Clearing game scene
11:46:47.364 [JavaFX Application Thread] DEBUG GameWorld            - Clearing game world
11:46:47.364 [JavaFX Application Thread] DEBUG PhysicsWorld         - Clearing physics world
11:46:47.367 [JavaFX Application Thread] DEBUG FXGLApplication      - Registering font factories with UI factory
11:46:47.367 [FXGL Background Thread 4 ] DEBUG FXGLApplication      - Initializing game
11:46:47.384 [FXGL Background Thread 4 ] WARN  FXGLAssetLoaderServi - Asset "/assets/textures/simuladorrestaurant/assets/mesero.png" was not found!
11:46:47.385 [FXGL Background Thread 4 ] WARN  FXGLAssetLoaderServi - Failed to load IMAGE
11:46:47.518 [FXGL Background Thread 4 ] WARN  FXGLAssetLoaderServi - Asset "/assets/textures/cocinero.png" was not found!
11:46:47.518 [FXGL Background Thread 4 ] WARN  FXGLAssetLoaderServi - Failed to load IMAGE
11:46:47.521 [FXGL Background Thread 4 ] INFO  FXGLApplication      - Game initialization took: 0.155 sec
11:46:47.565 [JavaFX Application Thread] DEBUG Input                - Clearing active input actions
11:46:47.581 [JavaFX Application Thread] DEBUG GameApplicationServi - Removing overlay from FXGLLoadingScene and adding to GameScene
11:46:47.582 [JavaFX Application Thread] DEBUG PrimaryStageWindow   - FXGLLoadingScene -> GameScene
11:46:47.973 [FXGL Background Thread 2 ] INFO  UpdaterService       - Your current version:  17.3
11:46:47.974 [FXGL Background Thread 2 ] INFO  UpdaterService       - Latest stable version: 21.1
11:46:50.218 [JavaFX Application Thread] DEBUG FXGLApplication      - Exiting FXGL
11:46:50.218 [JavaFX Application Thread] DEBUG LoopRunner           - Stopping loop
11:46:50.218 [JavaFX Application Thread] DEBUG SystemBundleService  - Saving FXGL system data
11:46:50.220 [JavaFX Application Thread] DEBUG FileSystemAccess     - Writing to: C:\Users\PizzaNewt\IdeaProjects\juego\system\fxgl.bundle
11:46:50.220 [JavaFX Application Thread] DEBUG Async                - Shutting down background threads
11:46:50.221 [JavaFX Application Thread] DEBUG PrimaryStageWindow   - Closing main window
11:46:50.250 [JavaFX Application Thread] DEBUG Logger               - Closing Logger
