17:14:25.666 [main                     ] DEBUG Logger               - Configured Logger
17:14:25.712 [main                     ] DEBUG GameApplication      - Logging settings
Title: Simulador de Restaurante
Version: 1.0
Width: 800
Height: 600
Fullscreen: false
Intro: false
Profiling: false
Single step:false
App Mode: DEVELOPER
Menu Key: ESCAPE
Stage Style: DECORATED
Scene Factory: class com.almasb.fxgl.app.scene.SceneFactory

17:14:26.477 [JavaFX Application Thread] DEBUG FXGLApplication      - Initializing FXGL
17:14:26.488 [JavaFX Application Thread] INFO  Engine               - FXGL-17.3 (30.03.2023 11.49) on LINUX (J:17.0.13 FX:17.0.6)
17:14:26.488 [JavaFX Application Thread] DEBUG Engine               - JRE Vendor Name: Red Hat, Inc.
17:14:26.489 [JavaFX Application Thread] DEBUG Engine               - Running on OS: Linux version 6.11.8-300.fc41.x86_64
17:14:26.489 [JavaFX Application Thread] DEBUG Engine               - Architecture: amd64
17:14:26.489 [JavaFX Application Thread] INFO  Engine               - Source code and latest versions at: https://github.com/AlmasB/FXGL
17:14:26.489 [JavaFX Application Thread] INFO  Engine               -       Ask questions and discuss at: https://github.com/AlmasB/FXGL/discussions
17:14:26.490 [JavaFX Application Thread] INFO  Engine               -              Join the FXGL chat at: https://gitter.im/AlmasB/FXGL
17:14:26.620 [JavaFX Application Thread] DEBUG PrimaryStageWindow   - Creating a JavaFX scene
17:14:26.720 [JavaFX Application Thread] DEBUG PrimaryStageWindow   - Target settings size: 800.0 x 600.0
17:14:26.720 [JavaFX Application Thread] DEBUG PrimaryStageWindow   - Scaled scene size:    800.0 x 600.0
17:14:26.721 [JavaFX Application Thread] DEBUG PrimaryStageWindow   - Scaled ratio: (1.0, 1.0)
17:14:26.722 [JavaFX Application Thread] DEBUG PrimaryStageWindow   - Set initial scene to FXGLStartupScene
17:14:26.731 [JavaFX Application Thread] DEBUG PrimaryStageWindow   - Opening main window
17:14:26.776 [JavaFX Application Thread] DEBUG PrimaryStageWindow   - Window border size: (2.0, 29.0)
17:14:26.776 [JavaFX Application Thread] DEBUG PrimaryStageWindow   - Scaled size: 800.0 x 600.0
17:14:26.777 [JavaFX Application Thread] DEBUG PrimaryStageWindow   - Scaled ratio: (1.0, 1.0)
17:14:26.777 [JavaFX Application Thread] DEBUG PrimaryStageWindow   - Scene size: 800.0 x 600.0
17:14:26.778 [JavaFX Application Thread] DEBUG PrimaryStageWindow   - Stage size: 802.0 x 629.0
17:14:26.784 [FXGL Background Thread 1 ] DEBUG Engine               - Initializing environment variables
17:14:26.811 [FXGL Background Thread 1 ] DEBUG FXGLAssetLoaderServi - User app class for loading assets: class simuladorrestaurant.ui.RestaurantUI
17:14:26.812 [FXGL Background Thread 1 ] DEBUG GameApplicationServi - Applying CSS: fxgl_dark.css
17:14:26.813 [FXGL Background Thread 1 ] DEBUG FXGLAssetLoaderServi - Loading from file system: jar:file:///home/jh532004/.m2/repository/com/github/almasb/fxgl/17.3/fxgl-17.3.jar!/fxglassets/ui/css/fxgl_dark.css
17:14:26.866 [FXGL Background Thread 1 ] DEBUG GameApplicationServi - Initializing application scenes
17:14:26.928 [FXGL Background Thread 1 ] DEBUG GameWorld            - Game world initialized
17:14:26.998 [FXGL Background Thread 1 ] DEBUG PhysicsWorld         - Physics world initialized: appHeight=600, physics.ppm=50.0
17:14:26.998 [FXGL Background Thread 1 ] DEBUG PhysicsWorld         - Using strategy: BRUTE_FORCE
17:14:27.003 [FXGL Background Thread 1 ] DEBUG GameScene            - Game scene initialized: 800x600
17:14:27.018 [FXGL Background Thread 1 ] DEBUG FXGL.DefaultMenu     - createMenuBodyGameMenu()
17:14:27.040 [FXGL Background Thread 1 ] DEBUG FXGL.DefaultMenu     - createOptionsMenu()
17:14:27.056 [FXGL Background Thread 1 ] DEBUG FXGLAssetLoaderServi - Loading from file system: jar:file:///home/jh532004/.m2/repository/com/github/almasb/fxgl/17.3/fxgl-17.3.jar!/fxglassets/textures/particles/smoke.png
17:14:27.223 [FXGL Background Thread 1 ] DEBUG FXGLAssetLoaderServi - Loading from file system: jar:file:///home/jh532004/.m2/repository/com/github/almasb/fxgl/17.3/fxgl-17.3.jar!/fxglassets/textures/particles/trace_horizontal.png
17:14:27.274 [FXGL Background Thread 1 ] DEBUG GameApplicationServi - Application scenes initialized
17:14:27.295 [FXGL Background Thread 1 ] DEBUG SystemBundleService  - Loading FXGL system data
17:14:27.297 [FXGL Background Thread 1 ] DEBUG FileSystemAccess     - Reading from: /home/jh532004/IdeaProjects/proyectoC3/system/fxgl.bundle
17:14:27.302 [FXGL Background Thread 1 ] DEBUG SystemBundleService  - Bundle FXGL: {}
17:14:27.302 [FXGL Background Thread 1 ] DEBUG UpdaterService       - Checking for updates
17:14:27.309 [FXGL Background Thread 4 ] DEBUG FXGLApplication      - Loading fonts
17:14:27.310 [FXGL Background Thread 4 ] DEBUG FXGLAssetLoaderServi - Loading from file system: jar:file:///home/jh532004/.m2/repository/com/github/almasb/fxgl/17.3/fxgl-17.3.jar!/fxglassets/ui/fonts/VarelaRound-Regular.ttf
17:14:27.310 [FXGL Background Thread 1 ] DEBUG FXGLApplication      - Loading default localization
17:14:27.312 [FXGL Background Thread 1 ] DEBUG FXGLAssetLoaderServi - Loading from file system: jar:file:///home/jh532004/.m2/repository/com/github/almasb/fxgl/17.3/fxgl-17.3.jar!/fxglassets/languages/english.lang
17:14:27.320 [FXGL Background Thread 4 ] DEBUG FXGLAssetLoaderServi - Loading from file system: jar:file:///home/jh532004/.m2/repository/com/github/almasb/fxgl/17.3/fxgl-17.3.jar!/fxglassets/ui/fonts/Abel-Regular.ttf
17:14:27.324 [FXGL Background Thread 4 ] DEBUG FXGLAssetLoaderServi - Loading from file system: jar:file:///home/jh532004/.m2/repository/com/github/almasb/fxgl/17.3/fxgl-17.3.jar!/fxglassets/ui/fonts/TerminalLandMono-Regular.otf
17:14:27.327 [FXGL Background Thread 4 ] DEBUG FXGLAssetLoaderServi - Loading from file system: jar:file:///home/jh532004/.m2/repository/com/github/almasb/fxgl/17.3/fxgl-17.3.jar!/fxglassets/ui/fonts/Courier-Prime.ttf
17:14:27.333 [JavaFX Application Thread] DEBUG FXGLApplication      - Registering font factories with UI factory
17:14:27.342 [FXGL Background Thread 1 ] INFO  FXGLApplication      - FXGL initialization took: 0.558 sec
17:14:27.344 [JavaFX Application Thread] DEBUG FXGLAssetLoaderServi - Loading from file system: jar:file:///home/jh532004/.m2/repository/com/github/almasb/fxgl/17.3/fxgl-17.3.jar!/fxglassets/textures/fxgl_icon.png
17:14:27.397 [JavaFX Application Thread] DEBUG FXGLAssetLoaderServi - Loading from file system: jar:file:///home/jh532004/.m2/repository/com/github/almasb/fxgl/17.3/fxgl-17.3.jar!/fxglassets/textures/fxgl_default_cursor.png
17:14:27.417 [JavaFX Application Thread] DEBUG Input                - Registered new binding: Screenshot - CTRL+8
17:14:27.418 [JavaFX Application Thread] DEBUG Input                - Registered new binding: System info dump - CTRL+9
17:14:27.418 [JavaFX Application Thread] DEBUG Input                - Registered new binding: Restart - CTRL+R
17:14:27.419 [JavaFX Application Thread] DEBUG Input                - Registered new binding: Toggle Debug Camera - CTRL+7
17:14:27.424 [JavaFX Application Thread] DEBUG LoopRunner           - Starting loop
17:14:27.425 [JavaFX Application Thread] DEBUG LoopRunner           - Initializing JavaFX AnimationTimerLoop
17:14:27.427 [JavaFX Application Thread] DEBUG GameApplicationServi - Starting new game
17:14:27.428 [JavaFX Application Thread] DEBUG Input                - Clearing active input actions
17:14:27.459 [JavaFX Application Thread] DEBUG GameApplicationServi - Removing overlay from FXGLStartupScene and adding to FXGLLoadingScene
17:14:27.460 [JavaFX Application Thread] DEBUG PrimaryStageWindow   - FXGLStartupScene -> FXGLLoadingScene
17:14:27.460 [JavaFX Application Thread] DEBUG GameApplicationServi - Clearing previous game
17:14:27.461 [JavaFX Application Thread] DEBUG GameScene            - Clearing game scene
17:14:27.461 [JavaFX Application Thread] DEBUG GameWorld            - Clearing game world
17:14:27.461 [JavaFX Application Thread] DEBUG PhysicsWorld         - Clearing physics world
17:14:27.464 [FXGL Background Thread 1 ] DEBUG FXGLApplication      - Initializing game
17:14:27.686 [FXGL Background Thread 1 ] INFO  FXGLApplication      - Game initialization took: 0.222 sec
17:14:27.687 [JavaFX Application Thread] DEBUG Input                - Clearing active input actions
17:14:27.743 [JavaFX Application Thread] DEBUG GameApplicationServi - Removing overlay from FXGLLoadingScene and adding to GameScene
17:14:27.744 [JavaFX Application Thread] DEBUG PrimaryStageWindow   - FXGLLoadingScene -> GameScene
17:14:28.127 [FXGL Background Thread 2 ] INFO  UpdaterService       - Your current version:  17.3
17:14:28.127 [FXGL Background Thread 2 ] INFO  UpdaterService       - Latest stable version: 21.1
17:14:30.307 [FXGL Background Thread 3 ] DEBUG Engine               - Logging environment variables
17:14:30.308 [FXGL Background Thread 3 ] DEBUG Engine               - achievements: []
17:14:30.308 [FXGL Background Thread 3 ] DEBUG Engine               - actualHeight: 571.0
17:14:30.309 [FXGL Background Thread 3 ] DEBUG Engine               - actualHeightProperty: ReadOnlyDoubleProperty [value: 615.0]
17:14:30.309 [FXGL Background Thread 3 ] DEBUG Engine               - actualWidth: 798.0
17:14:30.309 [FXGL Background Thread 3 ] DEBUG Engine               - actualWidthProperty: ReadOnlyDoubleProperty [value: 806.0]
17:14:30.309 [FXGL Background Thread 3 ] DEBUG Engine               - appIcon: fxgl_icon.png
17:14:30.310 [FXGL Background Thread 3 ] DEBUG Engine               - applicationMode: DEVELOPER
17:14:30.310 [FXGL Background Thread 3 ] DEBUG Engine               - cSSList: [fxgl_dark.css]
17:14:30.310 [FXGL Background Thread 3 ] DEBUG Engine               - collisionDetectionStrategy: BRUTE_FORCE
17:14:30.310 [FXGL Background Thread 3 ] DEBUG Engine               - configClass: Optional.empty
17:14:30.311 [FXGL Background Thread 3 ] DEBUG Engine               - credits: []
17:14:30.311 [FXGL Background Thread 3 ] DEBUG Engine               - defaultCursor: CursorInfo(imageName=fxgl_default_cursor.png, hotspotX=7.0, hotspotY=6.0)
17:14:30.312 [FXGL Background Thread 3 ] DEBUG Engine               - devBBoxColorProperty: ObjectProperty [value: 0xff0000ff]
17:14:30.312 [FXGL Background Thread 3 ] DEBUG Engine               - devEnableDebugCameraProperty: BooleanProperty [value: false]
17:14:30.312 [FXGL Background Thread 3 ] DEBUG Engine               - devSensorColorProperty: ObjectProperty [value: 0xffff00ff]
17:14:30.313 [FXGL Background Thread 3 ] DEBUG Engine               - devShowBBoxProperty: BooleanProperty [value: false]
17:14:30.313 [FXGL Background Thread 3 ] DEBUG Engine               - devShowPositionProperty: BooleanProperty [value: false]
17:14:30.313 [FXGL Background Thread 3 ] DEBUG Engine               - enabledMenuItems: []
17:14:30.313 [FXGL Background Thread 3 ] DEBUG Engine               - engineServices: [class com.almasb.fxgl.app.services.FXGLAssetLoaderService, class com.almasb.fxgl.app.FXGLApplication$GameApplicationService, class com.almasb.fxgl.app.services.FXGLDialogService, class com.almasb.fxgl.app.services.IOTaskExecutorService, class com.almasb.fxgl.io.FileSystemService, class com.almasb.fxgl.localization.LocalizationService, class com.almasb.fxgl.app.services.SystemBundleService, class com.almasb.fxgl.profile.SaveLoadService, class com.almasb.fxgl.ui.FXGLUIFactoryServiceProvider, class com.almasb.fxgl.ui.FXGLDialogFactoryServiceProvider, class com.almasb.fxgl.audio.AudioPlayer, class com.almasb.fxgl.notification.impl.NotificationServiceProvider, class com.almasb.fxgl.achievement.AchievementService, class com.almasb.fxgl.cutscene.CutsceneService, class com.almasb.fxgl.minigames.MiniGameService, class com.almasb.fxgl.net.NetService, class com.almasb.fxgl.app.services.UpdaterService, class com.almasb.fxgl.dev.DevService]
17:14:30.313 [FXGL Background Thread 3 ] DEBUG Engine               - fontGame: Abel-Regular.ttf
17:14:30.313 [FXGL Background Thread 3 ] DEBUG Engine               - fontMono: TerminalLandMono-Regular.otf
17:14:30.314 [FXGL Background Thread 3 ] DEBUG Engine               - fontSizeScaleUI: 1.0
17:14:30.314 [FXGL Background Thread 3 ] DEBUG Engine               - fontText: Courier-Prime.ttf
17:14:30.314 [FXGL Background Thread 3 ] DEBUG Engine               - fontUI: VarelaRound-Regular.ttf
17:14:30.314 [FXGL Background Thread 3 ] DEBUG Engine               - fullScreen: BooleanProperty [value: false]
17:14:30.314 [FXGL Background Thread 3 ] DEBUG Engine               - gameDifficulty: MEDIUM
17:14:30.314 [FXGL Background Thread 3 ] DEBUG Engine               - gameDifficultyProperty: ObjectProperty [value: MEDIUM]
17:14:30.315 [FXGL Background Thread 3 ] DEBUG Engine               - globalMusicVolume: 0.5
17:14:30.315 [FXGL Background Thread 3 ] DEBUG Engine               - globalMusicVolumeProperty: DoubleProperty [value: 0.5]
17:14:30.315 [FXGL Background Thread 3 ] DEBUG Engine               - globalSoundVolume: 0.5
17:14:30.315 [FXGL Background Thread 3 ] DEBUG Engine               - globalSoundVolumeProperty: DoubleProperty [value: 0.5]
17:14:30.315 [FXGL Background Thread 3 ] DEBUG Engine               - height: 600
17:14:30.316 [FXGL Background Thread 3 ] DEBUG Engine               - is3D: false
17:14:30.316 [FXGL Background Thread 3 ] DEBUG Engine               - isAndroid: false
17:14:30.316 [FXGL Background Thread 3 ] DEBUG Engine               - isBrowser: false
17:14:30.316 [FXGL Background Thread 3 ] DEBUG Engine               - isClickFeedbackEnabled: false
17:14:30.316 [FXGL Background Thread 3 ] DEBUG Engine               - isCloseConfirmation: false
17:14:30.316 [FXGL Background Thread 3 ] DEBUG Engine               - isDesktop: true
17:14:30.316 [FXGL Background Thread 3 ] DEBUG Engine               - isDeveloperMenuEnabled: false
17:14:30.316 [FXGL Background Thread 3 ] DEBUG Engine               - isEmbedded: false
17:14:30.316 [FXGL Background Thread 3 ] DEBUG Engine               - isEntityPreloadEnabled: true
17:14:30.317 [FXGL Background Thread 3 ] DEBUG Engine               - isExperimentalTiledLargeMap: false
17:14:30.317 [FXGL Background Thread 3 ] DEBUG Engine               - isFileSystemWriteAllowed: true
17:14:30.317 [FXGL Background Thread 3 ] DEBUG Engine               - isFullScreenAllowed: false
17:14:30.317 [FXGL Background Thread 3 ] DEBUG Engine               - isFullScreenFromStart: false
17:14:30.317 [FXGL Background Thread 3 ] DEBUG Engine               - isGameMenuEnabled: true
17:14:30.317 [FXGL Background Thread 3 ] DEBUG Engine               - isIOS: false
17:14:30.317 [FXGL Background Thread 3 ] DEBUG Engine               - isIntroEnabled: false
17:14:30.317 [FXGL Background Thread 3 ] DEBUG Engine               - isLinux: true
17:14:30.317 [FXGL Background Thread 3 ] DEBUG Engine               - isMac: false
17:14:30.317 [FXGL Background Thread 3 ] DEBUG Engine               - isMainMenuEnabled: false
17:14:30.318 [FXGL Background Thread 3 ] DEBUG Engine               - isManualResizeEnabled: false
17:14:30.318 [FXGL Background Thread 3 ] DEBUG Engine               - isMobile: false
17:14:30.318 [FXGL Background Thread 3 ] DEBUG Engine               - isNative: false
17:14:30.318 [FXGL Background Thread 3 ] DEBUG Engine               - isPauseMusicWhenMinimized: true
17:14:30.318 [FXGL Background Thread 3 ] DEBUG Engine               - isPreserveResizeRatio: false
17:14:30.318 [FXGL Background Thread 3 ] DEBUG Engine               - isProfilingEnabled: false
17:14:30.318 [FXGL Background Thread 3 ] DEBUG Engine               - isScaleAffectedOnResize: true
17:14:30.318 [FXGL Background Thread 3 ] DEBUG Engine               - isSingleStep: false
17:14:30.319 [FXGL Background Thread 3 ] DEBUG Engine               - isUserProfileEnabled: false
17:14:30.319 [FXGL Background Thread 3 ] DEBUG Engine               - isWindows: false
17:14:30.319 [FXGL Background Thread 3 ] DEBUG Engine               - language: ObjectProperty [value: ENGLISH]
17:14:30.319 [FXGL Background Thread 3 ] DEBUG Engine               - menuKey: ESCAPE
17:14:30.319 [FXGL Background Thread 3 ] DEBUG Engine               - mouseSensitivity: 0.2
17:14:30.319 [FXGL Background Thread 3 ] DEBUG Engine               - notificationViewClass: class com.almasb.fxgl.notification.view.XboxNotificationView
17:14:30.319 [FXGL Background Thread 3 ] DEBUG Engine               - pixelsPerMeter: 50.0
17:14:30.319 [FXGL Background Thread 3 ] DEBUG Engine               - platform: LINUX
17:14:30.319 [FXGL Background Thread 3 ] DEBUG Engine               - prefHeightProperty: ReadOnlyDoubleProperty [value: 600.0]
17:14:30.319 [FXGL Background Thread 3 ] DEBUG Engine               - prefWidthProperty: ReadOnlyDoubleProperty [value: 800.0]
17:14:30.320 [FXGL Background Thread 3 ] DEBUG Engine               - profileDir: profiles/
17:14:30.320 [FXGL Background Thread 3 ] DEBUG Engine               - profileName: StringProperty [value: DEFAULT]
17:14:30.320 [FXGL Background Thread 3 ] DEBUG Engine               - randomSeed: -1
17:14:30.320 [FXGL Background Thread 3 ] DEBUG Engine               - runtimeInfo: RuntimeInfo(platform=LINUX, version=17.3, build=30.03.2023 11.49)
17:14:30.320 [FXGL Background Thread 3 ] DEBUG Engine               - saveFileExt: sav
17:14:30.321 [FXGL Background Thread 3 ] DEBUG Engine               - scaledHeightProp$fxgl: DoubleProperty [bound, value: 615.0]
17:14:30.321 [FXGL Background Thread 3 ] DEBUG Engine               - scaledWidthProp$fxgl: DoubleProperty [bound, value: 806.0]
17:14:30.321 [FXGL Background Thread 3 ] DEBUG Engine               - sceneFactory: com.almasb.fxgl.app.scene.SceneFactory@5aa596f4
17:14:30.321 [FXGL Background Thread 3 ] DEBUG Engine               - secondsIn24h: 60
17:14:30.321 [FXGL Background Thread 3 ] DEBUG Engine               - soundMenuBack: menu/back.wav
17:14:30.321 [FXGL Background Thread 3 ] DEBUG Engine               - soundMenuPress: menu/press.wav
17:14:30.321 [FXGL Background Thread 3 ] DEBUG Engine               - soundMenuSelect: menu/select.wav
17:14:30.321 [FXGL Background Thread 3 ] DEBUG Engine               - soundNotification: core/notification.wav
17:14:30.321 [FXGL Background Thread 3 ] DEBUG Engine               - stageStyle: DECORATED
17:14:30.321 [FXGL Background Thread 3 ] DEBUG Engine               - supportedLanguages: [ENGLISH, FRENCH, GERMAN, HUNGARIAN, RUSSIAN]
17:14:30.321 [FXGL Background Thread 3 ] DEBUG Engine               - ticksPerSecond: -1
17:14:30.322 [FXGL Background Thread 3 ] DEBUG Engine               - title: Simulador de Restaurante
17:14:30.322 [FXGL Background Thread 3 ] DEBUG Engine               - urlGithub: https://github.com/AlmasB/FXGL
17:14:30.322 [FXGL Background Thread 3 ] DEBUG Engine               - urlLeaderboard: http://fxgl-top.herokuapp.com/
17:14:30.322 [FXGL Background Thread 3 ] DEBUG Engine               - urlPOM: https://raw.githubusercontent.com/AlmasB/FXGL/release/README.md
17:14:30.322 [FXGL Background Thread 3 ] DEBUG Engine               - userAppClass: class simuladorrestaurant.ui.RestaurantUI
17:14:30.322 [FXGL Background Thread 3 ] DEBUG Engine               - version: 1.0
17:14:30.322 [FXGL Background Thread 3 ] DEBUG Engine               - versionCheckDays: 7
17:14:30.322 [FXGL Background Thread 3 ] DEBUG Engine               - width: 800
17:14:30.322 [FXGL Background Thread 3 ] DEBUG Engine               - Logging services
17:14:30.323 [FXGL Background Thread 3 ] DEBUG Engine               - class com.almasb.fxgl.app.services.FXGLAssetLoaderService
17:14:30.323 [FXGL Background Thread 3 ] DEBUG Engine               - class com.almasb.fxgl.app.FXGLApplication$GameApplicationService
17:14:30.323 [FXGL Background Thread 3 ] DEBUG Engine               - class com.almasb.fxgl.app.services.FXGLDialogService
17:14:30.323 [FXGL Background Thread 3 ] DEBUG Engine               - class com.almasb.fxgl.app.services.IOTaskExecutorService
17:14:30.323 [FXGL Background Thread 3 ] DEBUG Engine               - class com.almasb.fxgl.io.FileSystemService
17:14:30.323 [FXGL Background Thread 3 ] DEBUG Engine               - class com.almasb.fxgl.localization.LocalizationService
17:14:30.323 [FXGL Background Thread 3 ] DEBUG Engine               - class com.almasb.fxgl.app.services.SystemBundleService
17:14:30.323 [FXGL Background Thread 3 ] DEBUG Engine               - class com.almasb.fxgl.profile.SaveLoadService
17:14:30.323 [FXGL Background Thread 3 ] DEBUG Engine               - class com.almasb.fxgl.ui.FXGLUIFactoryServiceProvider
17:14:30.323 [FXGL Background Thread 3 ] DEBUG Engine               - class com.almasb.fxgl.ui.FXGLDialogFactoryServiceProvider
17:14:30.324 [FXGL Background Thread 3 ] DEBUG Engine               - class com.almasb.fxgl.audio.AudioPlayer
17:14:30.324 [FXGL Background Thread 3 ] DEBUG Engine               - class com.almasb.fxgl.notification.impl.NotificationServiceProvider
17:14:30.324 [FXGL Background Thread 3 ] DEBUG Engine               - class com.almasb.fxgl.achievement.AchievementService
17:14:30.324 [FXGL Background Thread 3 ] DEBUG Engine               - class com.almasb.fxgl.cutscene.CutsceneService
17:14:30.324 [FXGL Background Thread 3 ] DEBUG Engine               - class com.almasb.fxgl.minigames.MiniGameService
17:14:30.324 [FXGL Background Thread 3 ] DEBUG Engine               - class com.almasb.fxgl.net.NetService
17:14:30.324 [FXGL Background Thread 3 ] DEBUG Engine               - class com.almasb.fxgl.app.services.UpdaterService
17:14:30.324 [FXGL Background Thread 3 ] DEBUG Engine               - class com.almasb.fxgl.dev.DevService
18:16:49.230 [JavaFX Application Thread] DEBUG FXGLApplication      - Exiting FXGL
18:16:49.231 [JavaFX Application Thread] DEBUG LoopRunner           - Stopping loop
18:16:49.231 [JavaFX Application Thread] DEBUG SystemBundleService  - Saving FXGL system data
18:16:49.232 [JavaFX Application Thread] DEBUG FileSystemAccess     - Writing to: /home/jh532004/IdeaProjects/proyectoC3/system/fxgl.bundle
18:16:49.233 [JavaFX Application Thread] DEBUG Async                - Shutting down background threads
18:16:49.233 [JavaFX Application Thread] DEBUG PrimaryStageWindow   - Closing main window
18:16:49.242 [JavaFX Application Thread] DEBUG Logger               - Closing Logger
