03:15:08.432 [main                     ] DEBUG Logger               - Configured Logger
03:15:08.459 [main                     ] DEBUG GameApplication      - Logging settings
Title: Simulador de Restaurante
Version: 1.0
Width: 800
Height: 600
Fullscreen: false
Intro: false
Profiling: false
Single step:false
App Mode: DEVELOPER
Menu Key: ESCAPE
Stage Style: DECORATED
Scene Factory: class com.almasb.fxgl.app.scene.SceneFactory

03:15:08.961 [JavaFX Application Thread] DEBUG FXGLApplication      - Initializing FXGL
03:15:08.966 [JavaFX Application Thread] INFO  Engine               - FXGL-17.3 (30.03.2023 11.49) on WINDOWS (J:19.0.1 FX:17.0.6)
03:15:08.966 [JavaFX Application Thread] DEBUG Engine               - JRE Vendor Name: Oracle Corporation
03:15:08.967 [JavaFX Application Thread] DEBUG Engine               - Running on OS: Windows 11 version 10.0
03:15:08.967 [JavaFX Application Thread] DEBUG Engine               - Architecture: amd64
03:15:08.967 [JavaFX Application Thread] INFO  Engine               - Source code and latest versions at: https://github.com/AlmasB/FXGL
03:15:08.967 [JavaFX Application Thread] INFO  Engine               -       Ask questions and discuss at: https://github.com/AlmasB/FXGL/discussions
03:15:08.967 [JavaFX Application Thread] INFO  Engine               -              Join the FXGL chat at: https://gitter.im/AlmasB/FXGL
03:15:09.068 [JavaFX Application Thread] DEBUG PrimaryStageWindow   - Creating a JavaFX scene
03:15:09.113 [JavaFX Application Thread] DEBUG PrimaryStageWindow   - Target settings size: 800.0 x 600.0
03:15:09.114 [JavaFX Application Thread] DEBUG PrimaryStageWindow   - Scaled scene size:    800.0 x 600.0
03:15:09.114 [JavaFX Application Thread] DEBUG PrimaryStageWindow   - Scaled ratio: (1.0, 1.0)
03:15:09.115 [JavaFX Application Thread] DEBUG PrimaryStageWindow   - Set initial scene to FXGLStartupScene
03:15:09.124 [JavaFX Application Thread] DEBUG PrimaryStageWindow   - Opening main window
03:15:09.225 [JavaFX Application Thread] DEBUG PrimaryStageWindow   - Window border size: (16.0, 39.0)
03:15:09.225 [JavaFX Application Thread] DEBUG PrimaryStageWindow   - Scaled size: 800.0 x 600.0
03:15:09.225 [JavaFX Application Thread] DEBUG PrimaryStageWindow   - Scaled ratio: (1.0, 1.0)
03:15:09.226 [JavaFX Application Thread] DEBUG PrimaryStageWindow   - Scene size: 800.0 x 600.0
03:15:09.226 [JavaFX Application Thread] DEBUG PrimaryStageWindow   - Stage size: 816.0 x 639.0
03:15:09.233 [FXGL Background Thread 1 ] DEBUG Engine               - Initializing environment variables
03:15:09.293 [FXGL Background Thread 1 ] DEBUG FXGLAssetLoaderServi - User app class for loading assets: class simuladorrestaurant.ui.RestaurantUI
03:15:09.293 [FXGL Background Thread 1 ] DEBUG GameApplicationServi - Applying CSS: fxgl_dark.css
03:15:09.295 [FXGL Background Thread 1 ] DEBUG FXGLAssetLoaderServi - Loading from file system: jar:file:///C:/Users/PizzaNewt/.m2/repository/com/github/almasb/fxgl/17.3/fxgl-17.3.jar!/fxglassets/ui/css/fxgl_dark.css
03:15:09.341 [FXGL Background Thread 1 ] DEBUG GameApplicationServi - Initializing application scenes
03:15:09.384 [FXGL Background Thread 1 ] DEBUG GameWorld            - Game world initialized
03:15:09.467 [FXGL Background Thread 1 ] DEBUG PhysicsWorld         - Physics world initialized: appHeight=600, physics.ppm=50.0
03:15:09.468 [FXGL Background Thread 1 ] DEBUG PhysicsWorld         - Using strategy: BRUTE_FORCE
03:15:09.473 [FXGL Background Thread 1 ] DEBUG GameScene            - Game scene initialized: 800x600
03:15:09.488 [FXGL Background Thread 1 ] DEBUG FXGL.DefaultMenu     - createMenuBodyGameMenu()
03:15:09.507 [FXGL Background Thread 1 ] DEBUG FXGL.DefaultMenu     - createOptionsMenu()
03:15:09.520 [FXGL Background Thread 1 ] DEBUG FXGLAssetLoaderServi - Loading from file system: jar:file:///C:/Users/PizzaNewt/.m2/repository/com/github/almasb/fxgl/17.3/fxgl-17.3.jar!/fxglassets/textures/particles/smoke.png
03:15:09.656 [FXGL Background Thread 1 ] DEBUG FXGLAssetLoaderServi - Loading from file system: jar:file:///C:/Users/PizzaNewt/.m2/repository/com/github/almasb/fxgl/17.3/fxgl-17.3.jar!/fxglassets/textures/particles/trace_horizontal.png
03:15:09.697 [FXGL Background Thread 1 ] DEBUG GameApplicationServi - Application scenes initialized
03:15:09.714 [FXGL Background Thread 1 ] DEBUG SystemBundleService  - Loading FXGL system data
03:15:09.718 [FXGL Background Thread 1 ] DEBUG FileSystemAccess     - Reading from: C:\Users\PizzaNewt\IdeaProjects\juego\system\fxgl.bundle
03:15:09.722 [FXGL Background Thread 1 ] DEBUG SystemBundleService  - Bundle FXGL: {}
03:15:09.722 [FXGL Background Thread 1 ] DEBUG UpdaterService       - Checking for updates
03:15:09.726 [FXGL Background Thread 4 ] DEBUG FXGLApplication      - Loading fonts
03:15:09.727 [FXGL Background Thread 1 ] DEBUG FXGLApplication      - Loading default localization
03:15:09.727 [FXGL Background Thread 4 ] DEBUG FXGLAssetLoaderServi - Loading from file system: jar:file:///C:/Users/PizzaNewt/.m2/repository/com/github/almasb/fxgl/17.3/fxgl-17.3.jar!/fxglassets/ui/fonts/VarelaRound-Regular.ttf
03:15:09.729 [FXGL Background Thread 1 ] DEBUG FXGLAssetLoaderServi - Loading from file system: jar:file:///C:/Users/PizzaNewt/.m2/repository/com/github/almasb/fxgl/17.3/fxgl-17.3.jar!/fxglassets/languages/english.lang
03:15:09.752 [FXGL Background Thread 1 ] INFO  FXGLApplication      - FXGL initialization took: 0.520 sec
03:15:09.762 [JavaFX Application Thread] DEBUG FXGLAssetLoaderServi - Loading from file system: jar:file:///C:/Users/PizzaNewt/.m2/repository/com/github/almasb/fxgl/17.3/fxgl-17.3.jar!/fxglassets/textures/fxgl_icon.png
03:15:09.770 [FXGL Background Thread 4 ] DEBUG FXGLAssetLoaderServi - Loading from file system: jar:file:///C:/Users/PizzaNewt/.m2/repository/com/github/almasb/fxgl/17.3/fxgl-17.3.jar!/fxglassets/ui/fonts/Abel-Regular.ttf
03:15:09.788 [JavaFX Application Thread] DEBUG FXGLAssetLoaderServi - Loading from file system: jar:file:///C:/Users/PizzaNewt/.m2/repository/com/github/almasb/fxgl/17.3/fxgl-17.3.jar!/fxglassets/textures/fxgl_default_cursor.png
03:15:09.792 [FXGL Background Thread 4 ] DEBUG FXGLAssetLoaderServi - Loading from file system: jar:file:///C:/Users/PizzaNewt/.m2/repository/com/github/almasb/fxgl/17.3/fxgl-17.3.jar!/fxglassets/ui/fonts/TerminalLandMono-Regular.otf
03:15:09.804 [JavaFX Application Thread] DEBUG Input                - Registered new binding: Screenshot - CTRL+8
03:15:09.804 [JavaFX Application Thread] DEBUG Input                - Registered new binding: System info dump - CTRL+9
03:15:09.805 [JavaFX Application Thread] DEBUG Input                - Registered new binding: Restart - CTRL+R
03:15:09.805 [JavaFX Application Thread] DEBUG Input                - Registered new binding: Toggle Debug Camera - CTRL+7
03:15:09.807 [JavaFX Application Thread] DEBUG LoopRunner           - Starting loop
03:15:09.807 [JavaFX Application Thread] DEBUG LoopRunner           - Initializing JavaFX AnimationTimerLoop
03:15:09.809 [JavaFX Application Thread] DEBUG GameApplicationServi - Starting new game
03:15:09.809 [JavaFX Application Thread] DEBUG Input                - Clearing active input actions
03:15:09.815 [FXGL Background Thread 4 ] DEBUG FXGLAssetLoaderServi - Loading from file system: jar:file:///C:/Users/PizzaNewt/.m2/repository/com/github/almasb/fxgl/17.3/fxgl-17.3.jar!/fxglassets/ui/fonts/Courier-Prime.ttf
03:15:09.822 [JavaFX Application Thread] DEBUG GameApplicationServi - Removing overlay from FXGLStartupScene and adding to FXGLLoadingScene
03:15:09.823 [JavaFX Application Thread] DEBUG PrimaryStageWindow   - FXGLStartupScene -> FXGLLoadingScene
03:15:09.823 [JavaFX Application Thread] DEBUG GameApplicationServi - Clearing previous game
03:15:09.823 [JavaFX Application Thread] DEBUG GameScene            - Clearing game scene
03:15:09.823 [JavaFX Application Thread] DEBUG GameWorld            - Clearing game world
03:15:09.823 [JavaFX Application Thread] DEBUG PhysicsWorld         - Clearing physics world
03:15:09.826 [FXGL Background Thread 1 ] DEBUG FXGLApplication      - Initializing game
03:15:09.838 [FXGL Background Thread 1 ] WARN  FXGLAssetLoaderServi - Asset "/assets/textures/images/mesero.png" was not found!
03:15:09.838 [FXGL Background Thread 1 ] WARN  FXGLAssetLoaderServi - Failed to load IMAGE
03:15:09.876 [JavaFX Application Thread] DEBUG FXGLApplication      - Registering font factories with UI factory
03:15:09.964 [FXGL Background Thread 1 ] WARN  FXGLAssetLoaderServi - Asset "/assets/textures/images/cocinero.png" was not found!
03:15:09.964 [FXGL Background Thread 1 ] WARN  FXGLAssetLoaderServi - Failed to load IMAGE
03:15:09.966 [FXGL Background Thread 1 ] INFO  FXGLApplication      - Game initialization took: 0.139 sec
03:15:10.004 [JavaFX Application Thread] DEBUG Input                - Clearing active input actions
03:15:10.017 [JavaFX Application Thread] DEBUG GameApplicationServi - Removing overlay from FXGLLoadingScene and adding to GameScene
03:15:10.018 [JavaFX Application Thread] DEBUG PrimaryStageWindow   - FXGLLoadingScene -> GameScene
03:15:10.264 [FXGL Background Thread 2 ] INFO  UpdaterService       - Your current version:  17.3
03:15:10.264 [FXGL Background Thread 2 ] INFO  UpdaterService       - Latest stable version: 21.1
03:15:12.184 [JavaFX Application Thread] DEBUG FXGLApplication      - Exiting FXGL
03:15:12.184 [JavaFX Application Thread] DEBUG LoopRunner           - Stopping loop
03:15:12.184 [JavaFX Application Thread] DEBUG SystemBundleService  - Saving FXGL system data
03:15:12.185 [JavaFX Application Thread] DEBUG FileSystemAccess     - Writing to: C:\Users\PizzaNewt\IdeaProjects\juego\system\fxgl.bundle
03:15:12.186 [JavaFX Application Thread] DEBUG Async                - Shutting down background threads
03:15:12.187 [JavaFX Application Thread] DEBUG PrimaryStageWindow   - Closing main window
03:15:12.209 [JavaFX Application Thread] DEBUG Logger               - Closing Logger
