11:44:00.515 [main                     ] DEBUG Logger               - Configured Logger
11:44:00.575 [main                     ] DEBUG GameApplication      - Logging settings
Title: Simulador de Restaurante
Version: 1.0
Width: 800
Height: 600
Fullscreen: false
Intro: false
Profiling: false
Single step:false
App Mode: DEVELOPER
Menu Key: ESCAPE
Stage Style: DECORATED
Scene Factory: class com.almasb.fxgl.app.scene.SceneFactory

11:44:01.146 [JavaFX Application Thread] DEBUG FXGLApplication      - Initializing FXGL
11:44:01.156 [JavaFX Application Thread] INFO  Engine               - FXGL-17.3 (30.03.2023 11.49) on LINUX (J:17.0.13 FX:17.0.6)
11:44:01.157 [JavaFX Application Thread] DEBUG Engine               - JRE Vendor Name: Red Hat, Inc.
11:44:01.158 [JavaFX Application Thread] DEBUG Engine               - Running on OS: Linux version 6.11.10-300.fc41.x86_64
11:44:01.158 [JavaFX Application Thread] DEBUG Engine               - Architecture: amd64
11:44:01.158 [JavaFX Application Thread] INFO  Engine               - Source code and latest versions at: https://github.com/AlmasB/FXGL
11:44:01.159 [JavaFX Application Thread] INFO  Engine               -       Ask questions and discuss at: https://github.com/AlmasB/FXGL/discussions
11:44:01.159 [JavaFX Application Thread] INFO  Engine               -              Join the FXGL chat at: https://gitter.im/AlmasB/FXGL
11:44:01.269 [JavaFX Application Thread] DEBUG PrimaryStageWindow   - Creating a JavaFX scene
11:44:01.367 [JavaFX Application Thread] DEBUG PrimaryStageWindow   - Target settings size: 800.0 x 600.0
11:44:01.367 [JavaFX Application Thread] DEBUG PrimaryStageWindow   - Scaled scene size:    800.0 x 600.0
11:44:01.368 [JavaFX Application Thread] DEBUG PrimaryStageWindow   - Scaled ratio: (1.0, 1.0)
11:44:01.369 [JavaFX Application Thread] DEBUG PrimaryStageWindow   - Set initial scene to FXGLStartupScene
11:44:01.378 [JavaFX Application Thread] DEBUG PrimaryStageWindow   - Opening main window
11:44:01.431 [JavaFX Application Thread] DEBUG PrimaryStageWindow   - Window border size: (2.0, 29.0)
11:44:01.432 [JavaFX Application Thread] DEBUG PrimaryStageWindow   - Scaled size: 800.0 x 600.0
11:44:01.432 [JavaFX Application Thread] DEBUG PrimaryStageWindow   - Scaled ratio: (1.0, 1.0)
11:44:01.432 [JavaFX Application Thread] DEBUG PrimaryStageWindow   - Scene size: 800.0 x 600.0
11:44:01.433 [JavaFX Application Thread] DEBUG PrimaryStageWindow   - Stage size: 802.0 x 629.0
11:44:01.442 [FXGL Background Thread 1 ] DEBUG Engine               - Initializing environment variables
11:44:01.473 [FXGL Background Thread 1 ] DEBUG FXGLAssetLoaderServi - User app class for loading assets: class simuladorrestaurant.ui.RestaurantUI
11:44:01.473 [FXGL Background Thread 1 ] DEBUG GameApplicationServi - Applying CSS: fxgl_dark.css
11:44:01.474 [FXGL Background Thread 1 ] DEBUG FXGLAssetLoaderServi - Loading from file system: jar:file:///home/jh532004/.m2/repository/com/github/almasb/fxgl/17.3/fxgl-17.3.jar!/fxglassets/ui/css/fxgl_dark.css
11:44:01.532 [FXGL Background Thread 1 ] DEBUG GameApplicationServi - Initializing application scenes
11:44:01.589 [FXGL Background Thread 1 ] DEBUG GameWorld            - Game world initialized
11:44:01.680 [FXGL Background Thread 1 ] DEBUG PhysicsWorld         - Physics world initialized: appHeight=600, physics.ppm=50.0
11:44:01.681 [FXGL Background Thread 1 ] DEBUG PhysicsWorld         - Using strategy: BRUTE_FORCE
11:44:01.688 [FXGL Background Thread 1 ] DEBUG GameScene            - Game scene initialized: 800x600
11:44:01.705 [FXGL Background Thread 1 ] DEBUG FXGL.DefaultMenu     - createMenuBodyGameMenu()
11:44:01.725 [FXGL Background Thread 1 ] DEBUG FXGL.DefaultMenu     - createOptionsMenu()
11:44:01.737 [FXGL Background Thread 1 ] DEBUG FXGLAssetLoaderServi - Loading from file system: jar:file:///home/jh532004/.m2/repository/com/github/almasb/fxgl/17.3/fxgl-17.3.jar!/fxglassets/textures/particles/smoke.png
11:44:01.865 [FXGL Background Thread 1 ] DEBUG FXGLAssetLoaderServi - Loading from file system: jar:file:///home/jh532004/.m2/repository/com/github/almasb/fxgl/17.3/fxgl-17.3.jar!/fxglassets/textures/particles/trace_horizontal.png
11:44:01.898 [FXGL Background Thread 1 ] DEBUG GameApplicationServi - Application scenes initialized
11:44:01.922 [FXGL Background Thread 1 ] DEBUG SystemBundleService  - Loading FXGL system data
11:44:01.923 [FXGL Background Thread 1 ] DEBUG FileSystemAccess     - Reading from: /home/jh532004/IdeaProjects/proyectoC3/system/fxgl.bundle
11:44:01.927 [FXGL Background Thread 1 ] DEBUG SystemBundleService  - Bundle FXGL: {}
11:44:01.927 [FXGL Background Thread 1 ] DEBUG UpdaterService       - Checking for updates
11:44:01.935 [FXGL Background Thread 4 ] DEBUG FXGLApplication      - Loading fonts
11:44:01.936 [FXGL Background Thread 4 ] DEBUG FXGLAssetLoaderServi - Loading from file system: jar:file:///home/jh532004/.m2/repository/com/github/almasb/fxgl/17.3/fxgl-17.3.jar!/fxglassets/ui/fonts/VarelaRound-Regular.ttf
11:44:01.937 [FXGL Background Thread 1 ] DEBUG FXGLApplication      - Loading default localization
11:44:01.938 [FXGL Background Thread 1 ] DEBUG FXGLAssetLoaderServi - Loading from file system: jar:file:///home/jh532004/.m2/repository/com/github/almasb/fxgl/17.3/fxgl-17.3.jar!/fxglassets/languages/english.lang
11:44:01.945 [FXGL Background Thread 4 ] DEBUG FXGLAssetLoaderServi - Loading from file system: jar:file:///home/jh532004/.m2/repository/com/github/almasb/fxgl/17.3/fxgl-17.3.jar!/fxglassets/ui/fonts/Abel-Regular.ttf
11:44:01.949 [FXGL Background Thread 4 ] DEBUG FXGLAssetLoaderServi - Loading from file system: jar:file:///home/jh532004/.m2/repository/com/github/almasb/fxgl/17.3/fxgl-17.3.jar!/fxglassets/ui/fonts/TerminalLandMono-Regular.otf
11:44:01.952 [FXGL Background Thread 4 ] DEBUG FXGLAssetLoaderServi - Loading from file system: jar:file:///home/jh532004/.m2/repository/com/github/almasb/fxgl/17.3/fxgl-17.3.jar!/fxglassets/ui/fonts/Courier-Prime.ttf
11:44:01.959 [JavaFX Application Thread] DEBUG FXGLApplication      - Registering font factories with UI factory
11:44:01.966 [FXGL Background Thread 1 ] INFO  FXGLApplication      - FXGL initialization took: 0.523 sec
11:44:01.968 [JavaFX Application Thread] DEBUG FXGLAssetLoaderServi - Loading from file system: jar:file:///home/jh532004/.m2/repository/com/github/almasb/fxgl/17.3/fxgl-17.3.jar!/fxglassets/textures/fxgl_icon.png
11:44:02.010 [JavaFX Application Thread] DEBUG FXGLAssetLoaderServi - Loading from file system: jar:file:///home/jh532004/.m2/repository/com/github/almasb/fxgl/17.3/fxgl-17.3.jar!/fxglassets/textures/fxgl_default_cursor.png
11:44:02.026 [JavaFX Application Thread] DEBUG Input                - Registered new binding: Screenshot - CTRL+8
11:44:02.027 [JavaFX Application Thread] DEBUG Input                - Registered new binding: System info dump - CTRL+9
11:44:02.028 [JavaFX Application Thread] DEBUG Input                - Registered new binding: Restart - CTRL+R
11:44:02.029 [JavaFX Application Thread] DEBUG Input                - Registered new binding: Toggle Debug Camera - CTRL+7
11:44:02.032 [JavaFX Application Thread] DEBUG LoopRunner           - Starting loop
11:44:02.033 [JavaFX Application Thread] DEBUG LoopRunner           - Initializing JavaFX AnimationTimerLoop
11:44:02.034 [JavaFX Application Thread] DEBUG GameApplicationServi - Starting new game
11:44:02.035 [JavaFX Application Thread] DEBUG Input                - Clearing active input actions
11:44:02.064 [JavaFX Application Thread] DEBUG GameApplicationServi - Removing overlay from FXGLStartupScene and adding to FXGLLoadingScene
11:44:02.065 [JavaFX Application Thread] DEBUG PrimaryStageWindow   - FXGLStartupScene -> FXGLLoadingScene
11:44:02.065 [JavaFX Application Thread] DEBUG GameApplicationServi - Clearing previous game
11:44:02.065 [JavaFX Application Thread] DEBUG GameScene            - Clearing game scene
11:44:02.066 [JavaFX Application Thread] DEBUG GameWorld            - Clearing game world
11:44:02.066 [JavaFX Application Thread] DEBUG PhysicsWorld         - Clearing physics world
11:44:02.069 [FXGL Background Thread 1 ] DEBUG FXGLApplication      - Initializing game
11:44:02.179 [JavaFX Application Thread] DEBUG LoopRunner           - Stopping loop
11:44:02.182 [JavaFX Application Thread] FATAL FXGLApplication      - Uncaught Exception:
java.lang.RuntimeException: Initialization failed
	at com.almasb.fxgl.all@17.3/com.almasb.fxgl.app.FXGLApplication$InitAppTask.failed(FXGLApplication.kt:343)
	at javafx.graphics/javafx.concurrent.Task.setState(Task.java:710)
	at javafx.graphics/javafx.concurrent.Task$TaskCallable.lambda$call$2(Task.java:1456)
	at javafx.graphics/com.sun.javafx.application.PlatformImpl.lambda$runLater$10(PlatformImpl.java:457)
	at java.base/java.security.AccessController.doPrivileged(AccessController.java:399)
	at javafx.graphics/com.sun.javafx.application.PlatformImpl.lambda$runLater$11(PlatformImpl.java:456)
	at javafx.graphics/com.sun.glass.ui.InvokeLaterDispatcher$Future.run(InvokeLaterDispatcher.java:96)
	at javafx.graphics/com.sun.glass.ui.gtk.GtkApplication._runLoop(Native Method)
	at javafx.graphics/com.sun.glass.ui.gtk.GtkApplication.lambda$runLoop$11(GtkApplication.java:290)
	at java.base/java.lang.Thread.run(Thread.java:840)
Caused by: java.lang.NullPointerException: Cannot invoke "simuladorrestaurant.util.EntidadManager.registrarEntidad(String, com.almasb.fxgl.entity.Entity)" because "this.entidadManager" is null
	at simuladorrestaurant/simuladorrestaurant.ui.RestaurantEntityFactory.createMesero(RestaurantEntityFactory.java:113)
	at simuladorrestaurant/simuladorrestaurant.util.EntidadManager.crearEntidadGrafica(EntidadManager.java:47)
	at simuladorrestaurant/simuladorrestaurant.logica.Restaurant.crearEntidadLogica(Restaurant.java:83)
	at simuladorrestaurant/simuladorrestaurant.logica.Restaurant.<init>(Restaurant.java:60)
	at simuladorrestaurant/simuladorrestaurant.ui.RestaurantUI.initGame(RestaurantUI.java:94)
	at com.almasb.fxgl.all@17.3/com.almasb.fxgl.app.FXGLApplication$InitAppTask.initGame(FXGLApplication.kt:339)
	at com.almasb.fxgl.all@17.3/com.almasb.fxgl.app.FXGLApplication$InitAppTask.call(FXGLApplication.kt:319)
	at com.almasb.fxgl.all@17.3/com.almasb.fxgl.app.FXGLApplication$InitAppTask.call(FXGLApplication.kt:311)
	at javafx.graphics/javafx.concurrent.Task$TaskCallable.call(Task.java:1426)
	at java.base/java.util.concurrent.FutureTask.run(FutureTask.java:264)
	at java.base/java.util.concurrent.Executors$RunnableAdapter.call(Executors.java:539)
	at java.base/java.util.concurrent.FutureTask.run(FutureTask.java:264)
	at java.base/java.util.concurrent.ThreadPoolExecutor.runWorker(ThreadPoolExecutor.java:1136)
	at java.base/java.util.concurrent.ThreadPoolExecutor$Worker.run(ThreadPoolExecutor.java:635)
	... 1 more

11:44:02.182 [JavaFX Application Thread] FATAL FXGLApplication      - Application will now exit
11:44:02.211 [JavaFX Application Thread] DEBUG PrimaryStageWindow   - Push state: ErrorSubScene
11:44:02.211 [JavaFX Application Thread] DEBUG Input                - Clearing active input actions
11:44:02.217 [JavaFX Application Thread] DEBUG GameApplicationServi - Removing overlay from FXGLLoadingScene and adding to ErrorSubScene
11:44:02.218 [JavaFX Application Thread] DEBUG PrimaryStageWindow   - FXGLLoadingScene -> ErrorSubScene
11:44:02.551 [FXGL Background Thread 2 ] INFO  UpdaterService       - Your current version:  17.3
11:44:02.551 [FXGL Background Thread 2 ] INFO  UpdaterService       - Latest stable version: 21.1
11:44:04.932 [FXGL Background Thread 3 ] DEBUG Engine               - Logging environment variables
11:44:04.933 [FXGL Background Thread 3 ] DEBUG Engine               - achievements: []
11:44:04.933 [FXGL Background Thread 3 ] DEBUG Engine               - actualHeight: 571.0
11:44:04.934 [FXGL Background Thread 3 ] DEBUG Engine               - actualHeightProperty: ReadOnlyDoubleProperty [value: 615.0]
11:44:04.934 [FXGL Background Thread 3 ] DEBUG Engine               - actualWidth: 798.0
11:44:04.934 [FXGL Background Thread 3 ] DEBUG Engine               - actualWidthProperty: ReadOnlyDoubleProperty [value: 806.0]
11:44:04.934 [FXGL Background Thread 3 ] DEBUG Engine               - appIcon: fxgl_icon.png
11:44:04.934 [FXGL Background Thread 3 ] DEBUG Engine               - applicationMode: DEVELOPER
11:44:04.935 [FXGL Background Thread 3 ] DEBUG Engine               - cSSList: [fxgl_dark.css]
11:44:04.935 [FXGL Background Thread 3 ] DEBUG Engine               - collisionDetectionStrategy: BRUTE_FORCE
11:44:04.935 [FXGL Background Thread 3 ] DEBUG Engine               - configClass: Optional.empty
11:44:04.935 [FXGL Background Thread 3 ] DEBUG Engine               - credits: []
11:44:04.936 [FXGL Background Thread 3 ] DEBUG Engine               - defaultCursor: CursorInfo(imageName=fxgl_default_cursor.png, hotspotX=7.0, hotspotY=6.0)
11:44:04.936 [FXGL Background Thread 3 ] DEBUG Engine               - devBBoxColorProperty: ObjectProperty [value: 0xff0000ff]
11:44:04.936 [FXGL Background Thread 3 ] DEBUG Engine               - devEnableDebugCameraProperty: BooleanProperty [value: false]
11:44:04.937 [FXGL Background Thread 3 ] DEBUG Engine               - devSensorColorProperty: ObjectProperty [value: 0xffff00ff]
11:44:04.937 [FXGL Background Thread 3 ] DEBUG Engine               - devShowBBoxProperty: BooleanProperty [value: false]
11:44:04.938 [FXGL Background Thread 3 ] DEBUG Engine               - devShowPositionProperty: BooleanProperty [value: false]
11:44:04.938 [FXGL Background Thread 3 ] DEBUG Engine               - enabledMenuItems: []
11:44:04.938 [FXGL Background Thread 3 ] DEBUG Engine               - engineServices: [class com.almasb.fxgl.app.services.FXGLAssetLoaderService, class com.almasb.fxgl.app.FXGLApplication$GameApplicationService, class com.almasb.fxgl.app.services.FXGLDialogService, class com.almasb.fxgl.app.services.IOTaskExecutorService, class com.almasb.fxgl.io.FileSystemService, class com.almasb.fxgl.localization.LocalizationService, class com.almasb.fxgl.app.services.SystemBundleService, class com.almasb.fxgl.profile.SaveLoadService, class com.almasb.fxgl.ui.FXGLUIFactoryServiceProvider, class com.almasb.fxgl.ui.FXGLDialogFactoryServiceProvider, class com.almasb.fxgl.audio.AudioPlayer, class com.almasb.fxgl.notification.impl.NotificationServiceProvider, class com.almasb.fxgl.achievement.AchievementService, class com.almasb.fxgl.cutscene.CutsceneService, class com.almasb.fxgl.minigames.MiniGameService, class com.almasb.fxgl.net.NetService, class com.almasb.fxgl.app.services.UpdaterService, class com.almasb.fxgl.dev.DevService]
11:44:04.938 [FXGL Background Thread 3 ] DEBUG Engine               - fontGame: Abel-Regular.ttf
11:44:04.938 [FXGL Background Thread 3 ] DEBUG Engine               - fontMono: TerminalLandMono-Regular.otf
11:44:04.939 [FXGL Background Thread 3 ] DEBUG Engine               - fontSizeScaleUI: 1.0
11:44:04.939 [FXGL Background Thread 3 ] DEBUG Engine               - fontText: Courier-Prime.ttf
11:44:04.939 [FXGL Background Thread 3 ] DEBUG Engine               - fontUI: VarelaRound-Regular.ttf
11:44:04.939 [FXGL Background Thread 3 ] DEBUG Engine               - fullScreen: BooleanProperty [value: false]
11:44:04.939 [FXGL Background Thread 3 ] DEBUG Engine               - gameDifficulty: MEDIUM
11:44:04.939 [FXGL Background Thread 3 ] DEBUG Engine               - gameDifficultyProperty: ObjectProperty [value: MEDIUM]
11:44:04.939 [FXGL Background Thread 3 ] DEBUG Engine               - globalMusicVolume: 0.5
11:44:04.940 [FXGL Background Thread 3 ] DEBUG Engine               - globalMusicVolumeProperty: DoubleProperty [value: 0.5]
11:44:04.940 [FXGL Background Thread 3 ] DEBUG Engine               - globalSoundVolume: 0.5
11:44:04.940 [FXGL Background Thread 3 ] DEBUG Engine               - globalSoundVolumeProperty: DoubleProperty [value: 0.5]
11:44:04.940 [FXGL Background Thread 3 ] DEBUG Engine               - height: 600
11:44:04.940 [FXGL Background Thread 3 ] DEBUG Engine               - is3D: false
11:44:04.940 [FXGL Background Thread 3 ] DEBUG Engine               - isAndroid: false
11:44:04.940 [FXGL Background Thread 3 ] DEBUG Engine               - isBrowser: false
11:44:04.940 [FXGL Background Thread 3 ] DEBUG Engine               - isClickFeedbackEnabled: false
11:44:04.940 [FXGL Background Thread 3 ] DEBUG Engine               - isCloseConfirmation: false
11:44:04.941 [FXGL Background Thread 3 ] DEBUG Engine               - isDesktop: true
11:44:04.941 [FXGL Background Thread 3 ] DEBUG Engine               - isDeveloperMenuEnabled: false
11:44:04.941 [FXGL Background Thread 3 ] DEBUG Engine               - isEmbedded: false
11:44:04.941 [FXGL Background Thread 3 ] DEBUG Engine               - isEntityPreloadEnabled: true
11:44:04.941 [FXGL Background Thread 3 ] DEBUG Engine               - isExperimentalTiledLargeMap: false
11:44:04.941 [FXGL Background Thread 3 ] DEBUG Engine               - isFileSystemWriteAllowed: true
11:44:04.941 [FXGL Background Thread 3 ] DEBUG Engine               - isFullScreenAllowed: false
11:44:04.941 [FXGL Background Thread 3 ] DEBUG Engine               - isFullScreenFromStart: false
11:44:04.941 [FXGL Background Thread 3 ] DEBUG Engine               - isGameMenuEnabled: true
11:44:04.941 [FXGL Background Thread 3 ] DEBUG Engine               - isIOS: false
11:44:04.942 [FXGL Background Thread 3 ] DEBUG Engine               - isIntroEnabled: false
11:44:04.942 [FXGL Background Thread 3 ] DEBUG Engine               - isLinux: true
11:44:04.942 [FXGL Background Thread 3 ] DEBUG Engine               - isMac: false
11:44:04.942 [FXGL Background Thread 3 ] DEBUG Engine               - isMainMenuEnabled: false
11:44:04.942 [FXGL Background Thread 3 ] DEBUG Engine               - isManualResizeEnabled: false
11:44:04.942 [FXGL Background Thread 3 ] DEBUG Engine               - isMobile: false
11:44:04.942 [FXGL Background Thread 3 ] DEBUG Engine               - isNative: false
11:44:04.942 [FXGL Background Thread 3 ] DEBUG Engine               - isPauseMusicWhenMinimized: true
11:44:04.942 [FXGL Background Thread 3 ] DEBUG Engine               - isPreserveResizeRatio: false
11:44:04.943 [FXGL Background Thread 3 ] DEBUG Engine               - isProfilingEnabled: false
11:44:04.943 [FXGL Background Thread 3 ] DEBUG Engine               - isScaleAffectedOnResize: true
11:44:04.943 [FXGL Background Thread 3 ] DEBUG Engine               - isSingleStep: false
11:44:04.943 [FXGL Background Thread 3 ] DEBUG Engine               - isUserProfileEnabled: false
11:44:04.943 [FXGL Background Thread 3 ] DEBUG Engine               - isWindows: false
11:44:04.943 [FXGL Background Thread 3 ] DEBUG Engine               - language: ObjectProperty [value: ENGLISH]
11:44:04.943 [FXGL Background Thread 3 ] DEBUG Engine               - menuKey: ESCAPE
11:44:04.943 [FXGL Background Thread 3 ] DEBUG Engine               - mouseSensitivity: 0.2
11:44:04.943 [FXGL Background Thread 3 ] DEBUG Engine               - notificationViewClass: class com.almasb.fxgl.notification.view.XboxNotificationView
11:44:04.943 [FXGL Background Thread 3 ] DEBUG Engine               - pixelsPerMeter: 50.0
11:44:04.943 [FXGL Background Thread 3 ] DEBUG Engine               - platform: LINUX
11:44:04.944 [FXGL Background Thread 3 ] DEBUG Engine               - prefHeightProperty: ReadOnlyDoubleProperty [value: 600.0]
11:44:04.944 [FXGL Background Thread 3 ] DEBUG Engine               - prefWidthProperty: ReadOnlyDoubleProperty [value: 800.0]
11:44:04.944 [FXGL Background Thread 3 ] DEBUG Engine               - profileDir: profiles/
11:44:04.944 [FXGL Background Thread 3 ] DEBUG Engine               - profileName: StringProperty [value: DEFAULT]
11:44:04.944 [FXGL Background Thread 3 ] DEBUG Engine               - randomSeed: -1
11:44:04.945 [FXGL Background Thread 3 ] DEBUG Engine               - runtimeInfo: RuntimeInfo(platform=LINUX, version=17.3, build=30.03.2023 11.49)
11:44:04.945 [FXGL Background Thread 3 ] DEBUG Engine               - saveFileExt: sav
11:44:04.945 [FXGL Background Thread 3 ] DEBUG Engine               - scaledHeightProp$fxgl: DoubleProperty [bound, value: 615.0]
11:44:04.945 [FXGL Background Thread 3 ] DEBUG Engine               - scaledWidthProp$fxgl: DoubleProperty [bound, value: 806.0]
11:44:04.946 [FXGL Background Thread 3 ] DEBUG Engine               - sceneFactory: com.almasb.fxgl.app.scene.SceneFactory@5aa596f4
11:44:04.946 [FXGL Background Thread 3 ] DEBUG Engine               - secondsIn24h: 60
11:44:04.946 [FXGL Background Thread 3 ] DEBUG Engine               - soundMenuBack: menu/back.wav
11:44:04.946 [FXGL Background Thread 3 ] DEBUG Engine               - soundMenuPress: menu/press.wav
11:44:04.946 [FXGL Background Thread 3 ] DEBUG Engine               - soundMenuSelect: menu/select.wav
11:44:04.946 [FXGL Background Thread 3 ] DEBUG Engine               - soundNotification: core/notification.wav
11:44:04.946 [FXGL Background Thread 3 ] DEBUG Engine               - stageStyle: DECORATED
11:44:04.946 [FXGL Background Thread 3 ] DEBUG Engine               - supportedLanguages: [ENGLISH, FRENCH, GERMAN, HUNGARIAN, RUSSIAN]
11:44:04.946 [FXGL Background Thread 3 ] DEBUG Engine               - ticksPerSecond: -1
11:44:04.946 [FXGL Background Thread 3 ] DEBUG Engine               - title: Simulador de Restaurante
11:44:04.946 [FXGL Background Thread 3 ] DEBUG Engine               - urlGithub: https://github.com/AlmasB/FXGL
11:44:04.946 [FXGL Background Thread 3 ] DEBUG Engine               - urlLeaderboard: http://fxgl-top.herokuapp.com/
11:44:04.947 [FXGL Background Thread 3 ] DEBUG Engine               - urlPOM: https://raw.githubusercontent.com/AlmasB/FXGL/release/README.md
11:44:04.947 [FXGL Background Thread 3 ] DEBUG Engine               - userAppClass: class simuladorrestaurant.ui.RestaurantUI
11:44:04.947 [FXGL Background Thread 3 ] DEBUG Engine               - version: 1.0
11:44:04.947 [FXGL Background Thread 3 ] DEBUG Engine               - versionCheckDays: 7
11:44:04.947 [FXGL Background Thread 3 ] DEBUG Engine               - width: 800
11:44:04.947 [FXGL Background Thread 3 ] DEBUG Engine               - Logging services
11:44:04.947 [FXGL Background Thread 3 ] DEBUG Engine               - class com.almasb.fxgl.app.services.FXGLAssetLoaderService
11:44:04.947 [FXGL Background Thread 3 ] DEBUG Engine               - class com.almasb.fxgl.app.FXGLApplication$GameApplicationService
11:44:04.947 [FXGL Background Thread 3 ] DEBUG Engine               - class com.almasb.fxgl.app.services.FXGLDialogService
11:44:04.947 [FXGL Background Thread 3 ] DEBUG Engine               - class com.almasb.fxgl.app.services.IOTaskExecutorService
11:44:04.947 [FXGL Background Thread 3 ] DEBUG Engine               - class com.almasb.fxgl.io.FileSystemService
11:44:04.948 [FXGL Background Thread 3 ] DEBUG Engine               - class com.almasb.fxgl.localization.LocalizationService
11:44:04.948 [FXGL Background Thread 3 ] DEBUG Engine               - class com.almasb.fxgl.app.services.SystemBundleService
11:44:04.948 [FXGL Background Thread 3 ] DEBUG Engine               - class com.almasb.fxgl.profile.SaveLoadService
11:44:04.948 [FXGL Background Thread 3 ] DEBUG Engine               - class com.almasb.fxgl.ui.FXGLUIFactoryServiceProvider
11:44:04.948 [FXGL Background Thread 3 ] DEBUG Engine               - class com.almasb.fxgl.ui.FXGLDialogFactoryServiceProvider
11:44:04.948 [FXGL Background Thread 3 ] DEBUG Engine               - class com.almasb.fxgl.audio.AudioPlayer
11:44:04.948 [FXGL Background Thread 3 ] DEBUG Engine               - class com.almasb.fxgl.notification.impl.NotificationServiceProvider
11:44:04.948 [FXGL Background Thread 3 ] DEBUG Engine               - class com.almasb.fxgl.achievement.AchievementService
11:44:04.948 [FXGL Background Thread 3 ] DEBUG Engine               - class com.almasb.fxgl.cutscene.CutsceneService
11:44:04.948 [FXGL Background Thread 3 ] DEBUG Engine               - class com.almasb.fxgl.minigames.MiniGameService
11:44:04.948 [FXGL Background Thread 3 ] DEBUG Engine               - class com.almasb.fxgl.net.NetService
11:44:04.948 [FXGL Background Thread 3 ] DEBUG Engine               - class com.almasb.fxgl.app.services.UpdaterService
11:44:04.948 [FXGL Background Thread 3 ] DEBUG Engine               - class com.almasb.fxgl.dev.DevService
11:44:13.903 [JavaFX Application Thread] DEBUG FXGLApplication      - Exiting FXGL
11:44:13.903 [JavaFX Application Thread] DEBUG Async                - Shutting down background threads
11:44:13.903 [JavaFX Application Thread] DEBUG PrimaryStageWindow   - Closing main window
11:44:13.906 [JavaFX Application Thread] DEBUG Logger               - Closing Logger
