03:18:13.574 [main                     ] DEBUG Logger               - Configured Logger
03:18:13.602 [main                     ] DEBUG GameApplication      - Logging settings
Title: Simulador de Restaurante
Version: 1.0
Width: 800
Height: 600
Fullscreen: false
Intro: false
Profiling: false
Single step:false
App Mode: DEVELOPER
Menu Key: ESCAPE
Stage Style: DECORATED
Scene Factory: class com.almasb.fxgl.app.scene.SceneFactory

03:18:14.071 [JavaFX Application Thread] DEBUG FXGLApplication      - Initializing FXGL
03:18:14.075 [JavaFX Application Thread] INFO  Engine               - FXGL-17.3 (30.03.2023 11.49) on WINDOWS (J:19.0.1 FX:17.0.6)
03:18:14.076 [JavaFX Application Thread] DEBUG Engine               - JRE Vendor Name: Oracle Corporation
03:18:14.076 [JavaFX Application Thread] DEBUG Engine               - Running on OS: Windows 11 version 10.0
03:18:14.076 [JavaFX Application Thread] DEBUG Engine               - Architecture: amd64
03:18:14.077 [JavaFX Application Thread] INFO  Engine               - Source code and latest versions at: https://github.com/AlmasB/FXGL
03:18:14.077 [JavaFX Application Thread] INFO  Engine               -       Ask questions and discuss at: https://github.com/AlmasB/FXGL/discussions
03:18:14.077 [JavaFX Application Thread] INFO  Engine               -              Join the FXGL chat at: https://gitter.im/AlmasB/FXGL
03:18:14.180 [JavaFX Application Thread] DEBUG PrimaryStageWindow   - Creating a JavaFX scene
03:18:14.222 [JavaFX Application Thread] DEBUG PrimaryStageWindow   - Target settings size: 800.0 x 600.0
03:18:14.223 [JavaFX Application Thread] DEBUG PrimaryStageWindow   - Scaled scene size:    800.0 x 600.0
03:18:14.223 [JavaFX Application Thread] DEBUG PrimaryStageWindow   - Scaled ratio: (1.0, 1.0)
03:18:14.224 [JavaFX Application Thread] DEBUG PrimaryStageWindow   - Set initial scene to FXGLStartupScene
03:18:14.232 [JavaFX Application Thread] DEBUG PrimaryStageWindow   - Opening main window
03:18:14.332 [JavaFX Application Thread] DEBUG PrimaryStageWindow   - Window border size: (16.0, 39.0)
03:18:14.333 [JavaFX Application Thread] DEBUG PrimaryStageWindow   - Scaled size: 800.0 x 600.0
03:18:14.333 [JavaFX Application Thread] DEBUG PrimaryStageWindow   - Scaled ratio: (1.0, 1.0)
03:18:14.333 [JavaFX Application Thread] DEBUG PrimaryStageWindow   - Scene size: 800.0 x 600.0
03:18:14.334 [JavaFX Application Thread] DEBUG PrimaryStageWindow   - Stage size: 816.0 x 639.0
03:18:14.342 [FXGL Background Thread 1 ] DEBUG Engine               - Initializing environment variables
03:18:14.392 [FXGL Background Thread 1 ] DEBUG FXGLAssetLoaderServi - User app class for loading assets: class simuladorrestaurant.ui.RestaurantUI
03:18:14.392 [FXGL Background Thread 1 ] DEBUG GameApplicationServi - Applying CSS: fxgl_dark.css
03:18:14.393 [FXGL Background Thread 1 ] DEBUG FXGLAssetLoaderServi - Loading from file system: jar:file:///C:/Users/PizzaNewt/.m2/repository/com/github/almasb/fxgl/17.3/fxgl-17.3.jar!/fxglassets/ui/css/fxgl_dark.css
03:18:14.442 [FXGL Background Thread 1 ] DEBUG GameApplicationServi - Initializing application scenes
03:18:14.473 [FXGL Background Thread 1 ] DEBUG GameWorld            - Game world initialized
03:18:14.543 [FXGL Background Thread 1 ] DEBUG PhysicsWorld         - Physics world initialized: appHeight=600, physics.ppm=50.0
03:18:14.544 [FXGL Background Thread 1 ] DEBUG PhysicsWorld         - Using strategy: BRUTE_FORCE
03:18:14.550 [FXGL Background Thread 1 ] DEBUG GameScene            - Game scene initialized: 800x600
03:18:14.564 [FXGL Background Thread 1 ] DEBUG FXGL.DefaultMenu     - createMenuBodyGameMenu()
03:18:14.581 [FXGL Background Thread 1 ] DEBUG FXGL.DefaultMenu     - createOptionsMenu()
03:18:14.592 [FXGL Background Thread 1 ] DEBUG FXGLAssetLoaderServi - Loading from file system: jar:file:///C:/Users/PizzaNewt/.m2/repository/com/github/almasb/fxgl/17.3/fxgl-17.3.jar!/fxglassets/textures/particles/smoke.png
03:18:14.692 [FXGL Background Thread 1 ] DEBUG FXGLAssetLoaderServi - Loading from file system: jar:file:///C:/Users/PizzaNewt/.m2/repository/com/github/almasb/fxgl/17.3/fxgl-17.3.jar!/fxglassets/textures/particles/trace_horizontal.png
03:18:14.725 [FXGL Background Thread 1 ] DEBUG GameApplicationServi - Application scenes initialized
03:18:14.745 [FXGL Background Thread 1 ] DEBUG SystemBundleService  - Loading FXGL system data
03:18:14.748 [FXGL Background Thread 1 ] DEBUG FileSystemAccess     - Reading from: C:\Users\PizzaNewt\IdeaProjects\juego\system\fxgl.bundle
03:18:14.752 [FXGL Background Thread 1 ] DEBUG SystemBundleService  - Bundle FXGL: {}
03:18:14.752 [FXGL Background Thread 1 ] DEBUG UpdaterService       - Checking for updates
03:18:14.756 [FXGL Background Thread 4 ] DEBUG FXGLApplication      - Loading fonts
03:18:14.757 [FXGL Background Thread 1 ] DEBUG FXGLApplication      - Loading default localization
03:18:14.757 [FXGL Background Thread 4 ] DEBUG FXGLAssetLoaderServi - Loading from file system: jar:file:///C:/Users/PizzaNewt/.m2/repository/com/github/almasb/fxgl/17.3/fxgl-17.3.jar!/fxglassets/ui/fonts/VarelaRound-Regular.ttf
03:18:14.758 [FXGL Background Thread 1 ] DEBUG FXGLAssetLoaderServi - Loading from file system: jar:file:///C:/Users/PizzaNewt/.m2/repository/com/github/almasb/fxgl/17.3/fxgl-17.3.jar!/fxglassets/languages/english.lang
03:18:14.778 [FXGL Background Thread 1 ] INFO  FXGLApplication      - FXGL initialization took: 0.437 sec
03:18:14.779 [JavaFX Application Thread] DEBUG FXGLAssetLoaderServi - Loading from file system: jar:file:///C:/Users/PizzaNewt/.m2/repository/com/github/almasb/fxgl/17.3/fxgl-17.3.jar!/fxglassets/textures/fxgl_icon.png
03:18:14.781 [FXGL Background Thread 4 ] DEBUG FXGLAssetLoaderServi - Loading from file system: jar:file:///C:/Users/PizzaNewt/.m2/repository/com/github/almasb/fxgl/17.3/fxgl-17.3.jar!/fxglassets/ui/fonts/Abel-Regular.ttf
03:18:14.801 [FXGL Background Thread 4 ] DEBUG FXGLAssetLoaderServi - Loading from file system: jar:file:///C:/Users/PizzaNewt/.m2/repository/com/github/almasb/fxgl/17.3/fxgl-17.3.jar!/fxglassets/ui/fonts/TerminalLandMono-Regular.otf
03:18:14.814 [JavaFX Application Thread] DEBUG FXGLAssetLoaderServi - Loading from file system: jar:file:///C:/Users/PizzaNewt/.m2/repository/com/github/almasb/fxgl/17.3/fxgl-17.3.jar!/fxglassets/textures/fxgl_default_cursor.png
03:18:14.819 [FXGL Background Thread 4 ] DEBUG FXGLAssetLoaderServi - Loading from file system: jar:file:///C:/Users/PizzaNewt/.m2/repository/com/github/almasb/fxgl/17.3/fxgl-17.3.jar!/fxglassets/ui/fonts/Courier-Prime.ttf
03:18:14.826 [JavaFX Application Thread] DEBUG Input                - Registered new binding: Screenshot - CTRL+8
03:18:14.827 [JavaFX Application Thread] DEBUG Input                - Registered new binding: System info dump - CTRL+9
03:18:14.827 [JavaFX Application Thread] DEBUG Input                - Registered new binding: Restart - CTRL+R
03:18:14.828 [JavaFX Application Thread] DEBUG Input                - Registered new binding: Toggle Debug Camera - CTRL+7
03:18:14.831 [JavaFX Application Thread] DEBUG LoopRunner           - Starting loop
03:18:14.831 [JavaFX Application Thread] DEBUG LoopRunner           - Initializing JavaFX AnimationTimerLoop
03:18:14.832 [JavaFX Application Thread] DEBUG GameApplicationServi - Starting new game
03:18:14.833 [JavaFX Application Thread] DEBUG Input                - Clearing active input actions
03:18:14.843 [JavaFX Application Thread] DEBUG GameApplicationServi - Removing overlay from FXGLStartupScene and adding to FXGLLoadingScene
03:18:14.845 [JavaFX Application Thread] DEBUG PrimaryStageWindow   - FXGLStartupScene -> FXGLLoadingScene
03:18:14.845 [JavaFX Application Thread] DEBUG GameApplicationServi - Clearing previous game
03:18:14.845 [JavaFX Application Thread] DEBUG GameScene            - Clearing game scene
03:18:14.845 [JavaFX Application Thread] DEBUG GameWorld            - Clearing game world
03:18:14.845 [JavaFX Application Thread] DEBUG PhysicsWorld         - Clearing physics world
03:18:14.847 [FXGL Background Thread 4 ] DEBUG FXGLApplication      - Initializing game
03:18:14.847 [JavaFX Application Thread] DEBUG FXGLApplication      - Registering font factories with UI factory
03:18:14.862 [FXGL Background Thread 4 ] WARN  FXGLAssetLoaderServi - Asset "/assets/textures/cocinero.png" was not found!
03:18:14.862 [FXGL Background Thread 4 ] WARN  FXGLAssetLoaderServi - Failed to load IMAGE
03:18:14.983 [FXGL Background Thread 4 ] WARN  FXGLAssetLoaderServi - Asset "/assets/textures/images/cocinero.png" was not found!
03:18:14.984 [FXGL Background Thread 4 ] WARN  FXGLAssetLoaderServi - Failed to load IMAGE
03:18:14.986 [FXGL Background Thread 4 ] INFO  FXGLApplication      - Game initialization took: 0.138 sec
03:18:14.987 [JavaFX Application Thread] DEBUG Input                - Clearing active input actions
03:18:14.994 [JavaFX Application Thread] DEBUG GameApplicationServi - Removing overlay from FXGLLoadingScene and adding to GameScene
03:18:14.995 [JavaFX Application Thread] DEBUG PrimaryStageWindow   - FXGLLoadingScene -> GameScene
03:18:15.275 [FXGL Background Thread 2 ] INFO  UpdaterService       - Your current version:  17.3
03:18:15.275 [FXGL Background Thread 2 ] INFO  UpdaterService       - Latest stable version: 21.1
03:18:16.179 [JavaFX Application Thread] DEBUG FXGLApplication      - Exiting FXGL
03:18:16.179 [JavaFX Application Thread] DEBUG LoopRunner           - Stopping loop
03:18:16.179 [JavaFX Application Thread] DEBUG SystemBundleService  - Saving FXGL system data
03:18:16.182 [JavaFX Application Thread] DEBUG FileSystemAccess     - Writing to: C:\Users\PizzaNewt\IdeaProjects\juego\system\fxgl.bundle
03:18:16.183 [JavaFX Application Thread] DEBUG Async                - Shutting down background threads
03:18:16.183 [JavaFX Application Thread] DEBUG PrimaryStageWindow   - Closing main window
03:18:16.206 [JavaFX Application Thread] DEBUG Logger               - Closing Logger
